0 verbose cli /usr/local/bin/node /usr/local/bin/npm
1 info using npm@11.11.0
2 info using node@v24.14.1
3 silly config load:file:/usr/local/lib/node_modules/npm/npmrc
4 silly config load:file:/Users/lusijia/compliance-analysis/.npmrc
5 silly config load:file:/Users/lusijia/.npmrc
6 silly config load:file:/usr/local/etc/npmrc
7 verbose title npm install
8 verbose argv "install" "--cache" "./.npm-cache"
9 verbose logfile logs-max:10 dir:/Users/lusijia/compliance-analysis/.npm-cache/_logs/2026-05-04T05_24_51_575Z-
10 verbose logfile /Users/lusijia/compliance-analysis/.npm-cache/_logs/2026-05-04T05_24_51_575Z-debug-0.log
11 silly logfile done cleaning log files
12 silly packumentCache heap:4496293888 maxSize:1124073472 maxEntrySize:562036736
13 silly idealTree buildDeps
14 silly fetch manifest express@^4.18.2
15 silly packumentCache full:https://registry.npmjs.org/express cache-miss
16 http fetch GET 200 https://registry.npmjs.org/express 1517ms (cache miss)
17 silly packumentCache full:https://registry.npmjs.org/express set size:undefined disposed:false
18 silly fetch manifest multer@^1.4.5-lts.1
19 silly packumentCache full:https://registry.npmjs.org/multer cache-miss
20 http fetch GET 200 https://registry.npmjs.org/multer 478ms (cache miss)
21 silly packumentCache full:https://registry.npmjs.org/multer set size:undefined disposed:false
22 silly fetch manifest pdf-parse@^1.1.1
23 silly packumentCache full:https://registry.npmjs.org/pdf-parse cache-miss
24 http fetch GET 200 https://registry.npmjs.org/npm 2296ms
25 http fetch GET 200 https://registry.npmjs.org/pdf-parse 580ms (cache miss)
26 silly packumentCache full:https://registry.npmjs.org/pdf-parse set size:undefined disposed:false
27 silly fetch manifest mammoth@^1.4.21
28 silly packumentCache full:https://registry.npmjs.org/mammoth cache-miss
29 http fetch GET 200 https://registry.npmjs.org/mammoth 416ms (cache miss)
30 silly packumentCache full:https://registry.npmjs.org/mammoth set size:undefined disposed:false
31 silly fetch manifest fs-extra@^11.1.1
32 silly packumentCache full:https://registry.npmjs.org/fs-extra cache-miss
33 http fetch GET 200 https://registry.npmjs.org/fs-extra 693ms (cache miss)
34 silly packumentCache full:https://registry.npmjs.org/fs-extra set size:undefined disposed:false
35 silly fetch manifest cors@^2.8.5
36 silly packumentCache full:https://registry.npmjs.org/cors cache-miss
37 http fetch GET 200 https://registry.npmjs.org/cors 448ms (cache miss)
38 silly packumentCache full:https://registry.npmjs.org/cors set size:undefined disposed:false
39 silly placeDep ROOT cors@2.8.6 OK for: compliance-analysis-tool@1.0.0 want: ^2.8.5
40 silly placeDep ROOT express@4.22.1 OK for: compliance-analysis-tool@1.0.0 want: ^4.18.2
41 silly placeDep ROOT fs-extra@11.3.4 OK for: compliance-analysis-tool@1.0.0 want: ^11.1.1
42 silly placeDep ROOT mammoth@1.12.0 OK for: compliance-analysis-tool@1.0.0 want: ^1.4.21
43 silly placeDep ROOT multer@1.4.5-lts.2 OK for: compliance-analysis-tool@1.0.0 want: ^1.4.5-lts.1
44 silly placeDep ROOT pdf-parse@1.1.4 OK for: compliance-analysis-tool@1.0.0 want: ^1.1.1
45 silly fetch manifest object-assign@^4
46 silly packumentCache full:https://registry.npmjs.org/object-assign cache-miss
47 silly fetch manifest vary@^1
48 silly packumentCache full:https://registry.npmjs.org/vary cache-miss
49 silly fetch manifest qs@~6.14.0
50 silly packumentCache full:https://registry.npmjs.org/qs cache-miss
51 silly fetch manifest depd@2.0.0
52 silly packumentCache full:https://registry.npmjs.org/depd cache-miss
53 silly fetch manifest etag@~1.8.1
54 silly packumentCache full:https://registry.npmjs.org/etag cache-miss
55 silly fetch manifest send@~0.19.0
56 silly packumentCache full:https://registry.npmjs.org/send cache-miss
57 silly fetch manifest vary@~1.1.2
58 silly packumentCache full:https://registry.npmjs.org/vary cache-miss
59 http fetch GET 200 https://registry.npmjs.org/object-assign 527ms (cache miss)
60 silly packumentCache full:https://registry.npmjs.org/object-assign set size:undefined disposed:false
61 silly fetch manifest debug@2.6.9
62 silly packumentCache full:https://registry.npmjs.org/debug cache-miss
63 http fetch GET 200 https://registry.npmjs.org/depd 655ms (cache miss)
64 silly packumentCache full:https://registry.npmjs.org/depd set size:undefined disposed:false
65 silly fetch manifest fresh@~0.5.2
66 silly packumentCache full:https://registry.npmjs.org/fresh cache-miss
67 http fetch GET 200 https://registry.npmjs.org/etag 657ms (cache miss)
68 silly packumentCache full:https://registry.npmjs.org/etag set size:undefined disposed:false
69 silly fetch manifest cookie@~0.7.1
70 silly packumentCache full:https://registry.npmjs.org/cookie cache-miss
71 http fetch GET 200 https://registry.npmjs.org/fresh 190ms (cache miss)
72 silly packumentCache full:https://registry.npmjs.org/fresh set size:undefined disposed:false
73 silly fetch manifest accepts@~1.3.8
74 silly packumentCache full:https://registry.npmjs.org/accepts cache-miss
75 http fetch GET 200 https://registry.npmjs.org/vary 1028ms (cache miss)
76 silly packumentCache full:https://registry.npmjs.org/vary set size:undefined disposed:false
77 silly fetch manifest methods@~1.1.2
78 silly packumentCache full:https://registry.npmjs.org/methods cache-miss
79 http fetch GET 200 https://registry.npmjs.org/accepts 218ms (cache miss)
80 silly packumentCache full:https://registry.npmjs.org/accepts set size:undefined disposed:false
81 silly fetch manifest type-is@~1.6.18
82 silly packumentCache full:https://registry.npmjs.org/type-is cache-miss
83 http fetch GET 200 https://registry.npmjs.org/debug 596ms (cache miss)
84 silly packumentCache full:https://registry.npmjs.org/debug set size:undefined disposed:false
85 silly fetch manifest parseurl@~1.3.3
86 silly packumentCache full:https://registry.npmjs.org/parseurl cache-miss
87 http fetch GET 200 https://registry.npmjs.org/cookie 658ms (cache miss)
88 silly packumentCache full:https://registry.npmjs.org/cookie set size:undefined disposed:false
89 silly fetch manifest statuses@~2.0.1
90 silly packumentCache full:https://registry.npmjs.org/statuses cache-miss
91 http fetch GET 200 https://registry.npmjs.org/parseurl 196ms (cache miss)
92 silly packumentCache full:https://registry.npmjs.org/parseurl set size:undefined disposed:false
93 silly fetch manifest encodeurl@~2.0.0
94 silly packumentCache full:https://registry.npmjs.org/encodeurl cache-miss
95 http fetch GET 200 https://registry.npmjs.org/type-is 316ms (cache miss)
96 silly packumentCache full:https://registry.npmjs.org/type-is set size:undefined disposed:false
97 silly fetch manifest proxy-addr@~2.0.7
98 silly packumentCache full:https://registry.npmjs.org/proxy-addr cache-miss
99 http fetch GET 200 https://registry.npmjs.org/encodeurl 334ms (cache miss)
100 silly packumentCache full:https://registry.npmjs.org/encodeurl set size:undefined disposed:false
101 silly fetch manifest body-parser@~1.20.3
102 silly packumentCache full:https://registry.npmjs.org/body-parser cache-miss
103 http fetch GET 200 https://registry.npmjs.org/send 1724ms (cache miss)
104 silly packumentCache full:https://registry.npmjs.org/send set size:undefined disposed:false
105 silly fetch manifest escape-html@~1.0.3
106 silly packumentCache full:https://registry.npmjs.org/escape-html cache-miss
107 http fetch GET 200 https://registry.npmjs.org/statuses 468ms (cache miss)
108 silly packumentCache full:https://registry.npmjs.org/statuses set size:undefined disposed:false
109 silly fetch manifest http-errors@~2.0.0
110 silly packumentCache full:https://registry.npmjs.org/http-errors cache-miss
111 http fetch GET 200 https://registry.npmjs.org/qs 1794ms (cache miss)
112 silly packumentCache full:https://registry.npmjs.org/qs set size:undefined disposed:false
113 silly fetch manifest on-finished@~2.4.1
114 silly packumentCache full:https://registry.npmjs.org/on-finished cache-miss
115 http fetch GET 200 https://registry.npmjs.org/methods 807ms (cache miss)
116 silly packumentCache full:https://registry.npmjs.org/methods set size:undefined disposed:false
117 silly fetch manifest safe-buffer@5.2.1
118 silly packumentCache full:https://registry.npmjs.org/safe-buffer cache-miss
119 http fetch GET 200 https://registry.npmjs.org/proxy-addr 531ms (cache miss)
120 silly packumentCache full:https://registry.npmjs.org/proxy-addr set size:undefined disposed:false
121 silly fetch manifest utils-merge@1.0.1
122 silly packumentCache full:https://registry.npmjs.org/utils-merge cache-miss
123 http fetch GET 200 https://registry.npmjs.org/vary 1938ms (cache miss)
124 silly packumentCache full:https://registry.npmjs.org/vary set size:undefined disposed:false
125 silly fetch manifest content-type@~1.0.4
126 silly packumentCache full:https://registry.npmjs.org/content-type cache-miss
127 http fetch GET 200 https://registry.npmjs.org/escape-html 360ms (cache miss)
128 silly packumentCache full:https://registry.npmjs.org/escape-html set size:undefined disposed:false
129 silly fetch manifest finalhandler@~1.3.1
130 silly packumentCache full:https://registry.npmjs.org/finalhandler cache-miss
131 http fetch GET 200 https://registry.npmjs.org/on-finished 324ms (cache miss)
132 silly packumentCache full:https://registry.npmjs.org/on-finished set size:undefined disposed:false
133 silly fetch manifest range-parser@~1.2.1
134 silly packumentCache full:https://registry.npmjs.org/range-parser cache-miss
135 http fetch GET 200 https://registry.npmjs.org/body-parser 502ms (cache miss)
136 silly packumentCache full:https://registry.npmjs.org/body-parser set size:undefined disposed:false
137 silly fetch manifest serve-static@~1.16.2
138 silly packumentCache full:https://registry.npmjs.org/serve-static cache-miss
139 http fetch GET 200 https://registry.npmjs.org/content-type 328ms (cache miss)
140 silly packumentCache full:https://registry.npmjs.org/content-type set size:undefined disposed:false
141 silly fetch manifest array-flatten@1.1.1
142 silly packumentCache full:https://registry.npmjs.org/array-flatten cache-miss
143 http fetch GET 200 https://registry.npmjs.org/safe-buffer 498ms (cache miss)
144 silly packumentCache full:https://registry.npmjs.org/safe-buffer set size:undefined disposed:false
145 silly fetch manifest path-to-regexp@~0.1.12
146 silly packumentCache full:https://registry.npmjs.org/path-to-regexp cache-miss
147 http fetch GET 200 https://registry.npmjs.org/range-parser 365ms (cache miss)
148 silly packumentCache full:https://registry.npmjs.org/range-parser set size:undefined disposed:false
149 silly fetch manifest setprototypeof@1.2.0
150 silly packumentCache full:https://registry.npmjs.org/setprototypeof cache-miss
151 http fetch GET 200 https://registry.npmjs.org/finalhandler 515ms (cache miss)
152 silly packumentCache full:https://registry.npmjs.org/finalhandler set size:undefined disposed:false
153 silly fetch manifest cookie-signature@~1.0.6
154 silly packumentCache full:https://registry.npmjs.org/cookie-signature cache-miss
155 http fetch GET 200 https://registry.npmjs.org/array-flatten 372ms (cache miss)
156 silly packumentCache full:https://registry.npmjs.org/array-flatten set size:undefined disposed:false
157 silly fetch manifest merge-descriptors@1.0.3
158 silly packumentCache full:https://registry.npmjs.org/merge-descriptors cache-miss
159 http fetch GET 200 https://registry.npmjs.org/serve-static 545ms (cache miss)
160 silly packumentCache full:https://registry.npmjs.org/serve-static set size:undefined disposed:false
161 silly fetch manifest content-disposition@~0.5.4
162 silly packumentCache full:https://registry.npmjs.org/content-disposition cache-miss
163 http fetch GET 200 https://registry.npmjs.org/utils-merge 815ms (cache miss)
164 silly packumentCache full:https://registry.npmjs.org/utils-merge set size:undefined disposed:false
165 silly fetch manifest graceful-fs@^4.2.0
166 silly packumentCache full:https://registry.npmjs.org/graceful-fs cache-miss
167 http fetch GET 200 https://registry.npmjs.org/http-errors 948ms (cache miss)
168 silly packumentCache full:https://registry.npmjs.org/http-errors set size:undefined disposed:false
169 silly fetch manifest jsonfile@^6.0.1
170 silly packumentCache full:https://registry.npmjs.org/jsonfile cache-miss
171 http fetch GET 200 https://registry.npmjs.org/setprototypeof 327ms (cache miss)
172 silly packumentCache full:https://registry.npmjs.org/setprototypeof set size:undefined disposed:false
173 silly fetch manifest universalify@^2.0.0
174 silly packumentCache full:https://registry.npmjs.org/universalify cache-miss
175 http fetch GET 200 https://registry.npmjs.org/content-disposition 215ms (cache miss)
176 silly packumentCache full:https://registry.npmjs.org/content-disposition set size:undefined disposed:false
177 silly fetch manifest @xmldom/xmldom@^0.8.6
178 silly packumentCache full:https://registry.npmjs.org/@xmldom%2fxmldom cache-miss
179 http fetch GET 200 https://registry.npmjs.org/cookie-signature 440ms (cache miss)
180 silly packumentCache full:https://registry.npmjs.org/cookie-signature set size:undefined disposed:false
181 silly fetch manifest argparse@~1.0.3
182 silly packumentCache full:https://registry.npmjs.org/argparse cache-miss
183 http fetch GET 200 https://registry.npmjs.org/universalify 321ms (cache miss)
184 silly packumentCache full:https://registry.npmjs.org/universalify set size:undefined disposed:false
185 silly fetch manifest base64-js@^1.5.1
186 silly packumentCache full:https://registry.npmjs.org/base64-js cache-miss
187 http fetch GET 200 https://registry.npmjs.org/merge-descriptors 518ms (cache miss)
188 silly packumentCache full:https://registry.npmjs.org/merge-descriptors set size:undefined disposed:false
189 silly fetch manifest bluebird@~3.4.0
190 silly packumentCache full:https://registry.npmjs.org/bluebird cache-miss
191 http fetch GET 200 https://registry.npmjs.org/jsonfile 603ms (cache miss)
192 silly packumentCache full:https://registry.npmjs.org/jsonfile set size:undefined disposed:false
193 silly fetch manifest dingbat-to-unicode@^1.0.1
194 silly packumentCache full:https://registry.npmjs.org/dingbat-to-unicode cache-miss
195 http fetch GET 200 https://registry.npmjs.org/graceful-fs 704ms (cache miss)
196 silly packumentCache full:https://registry.npmjs.org/graceful-fs set size:undefined disposed:false
197 silly fetch manifest jszip@^3.7.1
198 silly packumentCache full:https://registry.npmjs.org/jszip cache-miss
199 http fetch GET 200 https://registry.npmjs.org/base64-js 320ms (cache miss)
200 silly packumentCache full:https://registry.npmjs.org/base64-js set size:undefined disposed:false
201 silly fetch manifest lop@^0.4.2
202 silly packumentCache full:https://registry.npmjs.org/lop cache-miss
203 http fetch GET 200 https://registry.npmjs.org/@xmldom%2fxmldom 568ms (cache miss)
204 silly packumentCache full:https://registry.npmjs.org/@xmldom%2fxmldom set size:undefined disposed:false
205 silly fetch manifest path-is-absolute@^1.0.0
206 silly packumentCache full:https://registry.npmjs.org/path-is-absolute cache-miss
207 http fetch GET 200 https://registry.npmjs.org/path-to-regexp 1166ms (cache miss)
208 silly packumentCache full:https://registry.npmjs.org/path-to-regexp set size:undefined disposed:false
209 silly fetch manifest underscore@^1.13.1
210 silly packumentCache full:https://registry.npmjs.org/underscore cache-miss
211 http fetch GET 200 https://registry.npmjs.org/argparse 518ms (cache miss)
212 silly packumentCache full:https://registry.npmjs.org/argparse set size:undefined disposed:false
213 silly fetch manifest xmlbuilder@^10.0.0
214 silly packumentCache full:https://registry.npmjs.org/xmlbuilder cache-miss
215 http fetch GET 200 https://registry.npmjs.org/dingbat-to-unicode 352ms (cache miss)
216 silly packumentCache full:https://registry.npmjs.org/dingbat-to-unicode set size:undefined disposed:false
217 silly fetch manifest xtend@^4.0.0
218 silly packumentCache full:https://registry.npmjs.org/xtend cache-miss
219 http fetch GET 200 https://registry.npmjs.org/lop 360ms (cache miss)
220 silly packumentCache full:https://registry.npmjs.org/lop set size:undefined disposed:false
221 silly fetch manifest busboy@^1.0.0
222 silly packumentCache full:https://registry.npmjs.org/busboy cache-miss
223 http fetch GET 200 https://registry.npmjs.org/path-is-absolute 338ms (cache miss)
224 silly packumentCache full:https://registry.npmjs.org/path-is-absolute set size:undefined disposed:false
225 silly fetch manifest mkdirp@^0.5.4
226 silly packumentCache full:https://registry.npmjs.org/mkdirp cache-miss
227 http fetch GET 200 https://registry.npmjs.org/xtend 282ms (cache miss)
228 silly packumentCache full:https://registry.npmjs.org/xtend set size:undefined disposed:false
229 silly fetch manifest type-is@^1.6.4
230 silly packumentCache full:https://registry.npmjs.org/type-is cache-miss
231 http cache https://registry.npmjs.org/type-is 9ms (cache hit)
232 silly packumentCache full:https://registry.npmjs.org/type-is set size:86196 disposed:false
233 silly fetch manifest append-field@^1.0.0
234 silly packumentCache full:https://registry.npmjs.org/append-field cache-miss
235 http fetch GET 200 https://registry.npmjs.org/jszip 561ms (cache miss)
236 silly packumentCache full:https://registry.npmjs.org/jszip set size:undefined disposed:false
237 silly fetch manifest concat-stream@^1.5.2
238 silly packumentCache full:https://registry.npmjs.org/concat-stream cache-miss
239 http fetch GET 200 https://registry.npmjs.org/underscore 696ms (cache miss)
240 silly packumentCache full:https://registry.npmjs.org/underscore set size:undefined disposed:false
241 silly fetch manifest object-assign@^4.1.1
242 silly packumentCache full:https://registry.npmjs.org/object-assign cache-miss
243 http cache https://registry.npmjs.org/object-assign 4ms (cache hit)
244 silly packumentCache full:https://registry.npmjs.org/object-assign set size:28988 disposed:false
245 silly fetch manifest node-ensure@^0.0.0
246 silly packumentCache full:https://registry.npmjs.org/node-ensure cache-miss
247 http fetch GET 200 https://registry.npmjs.org/mkdirp 375ms (cache miss)
248 silly packumentCache full:https://registry.npmjs.org/mkdirp set size:undefined disposed:false
249 http fetch GET 200 https://registry.npmjs.org/concat-stream 447ms (cache miss)
250 silly packumentCache full:https://registry.npmjs.org/concat-stream set size:undefined disposed:false
251 http fetch GET 200 https://registry.npmjs.org/busboy 632ms (cache miss)
252 silly packumentCache full:https://registry.npmjs.org/busboy set size:undefined disposed:false
253 http fetch GET 200 https://registry.npmjs.org/node-ensure 367ms (cache miss)
254 silly packumentCache full:https://registry.npmjs.org/node-ensure set size:undefined disposed:false
255 http fetch GET 200 https://registry.npmjs.org/xmlbuilder 1165ms (cache miss)
256 silly packumentCache full:https://registry.npmjs.org/xmlbuilder set size:undefined disposed:false
257 http fetch GET 200 https://registry.npmjs.org/append-field 864ms (cache miss)
258 silly packumentCache full:https://registry.npmjs.org/append-field set size:undefined disposed:false
259 http fetch GET 200 https://registry.npmjs.org/bluebird 1867ms (cache miss)
260 silly packumentCache full:https://registry.npmjs.org/bluebird set size:undefined disposed:false
261 silly placeDep ROOT object-assign@4.1.1 OK for: cors@2.8.6 want: ^4
262 silly placeDep ROOT vary@1.1.2 OK for: cors@2.8.6 want: ^1
263 silly placeDep ROOT accepts@1.3.8 OK for: express@4.22.1 want: ~1.3.8
264 silly placeDep ROOT array-flatten@1.1.1 OK for: express@4.22.1 want: 1.1.1
265 silly placeDep ROOT body-parser@1.20.5 OK for: express@4.22.1 want: ~1.20.3
266 silly placeDep ROOT content-disposition@0.5.4 OK for: express@4.22.1 want: ~0.5.4
267 silly placeDep ROOT content-type@1.0.5 OK for: express@4.22.1 want: ~1.0.4
268 silly placeDep ROOT cookie@0.7.2 OK for: express@4.22.1 want: ~0.7.1
269 silly placeDep ROOT cookie-signature@1.0.7 OK for: express@4.22.1 want: ~1.0.6
270 silly placeDep ROOT debug@2.6.9 OK for: express@4.22.1 want: 2.6.9
271 silly placeDep ROOT depd@2.0.0 OK for: express@4.22.1 want: 2.0.0
272 silly placeDep ROOT encodeurl@2.0.0 OK for: express@4.22.1 want: ~2.0.0
273 silly placeDep ROOT escape-html@1.0.3 OK for: express@4.22.1 want: ~1.0.3
274 silly placeDep ROOT etag@1.8.1 OK for: express@4.22.1 want: ~1.8.1
275 silly placeDep ROOT finalhandler@1.3.2 OK for: express@4.22.1 want: ~1.3.1
276 silly placeDep ROOT fresh@0.5.2 OK for: express@4.22.1 want: ~0.5.2
277 silly placeDep ROOT http-errors@2.0.1 OK for: express@4.22.1 want: ~2.0.0
278 silly placeDep ROOT merge-descriptors@1.0.3 OK for: express@4.22.1 want: 1.0.3
279 silly placeDep ROOT methods@1.1.2 OK for: express@4.22.1 want: ~1.1.2
280 silly placeDep ROOT on-finished@2.4.1 OK for: express@4.22.1 want: ~2.4.1
281 silly placeDep ROOT parseurl@1.3.3 OK for: express@4.22.1 want: ~1.3.3
282 silly placeDep ROOT path-to-regexp@0.1.13 OK for: express@4.22.1 want: ~0.1.12
283 silly placeDep ROOT proxy-addr@2.0.7 OK for: express@4.22.1 want: ~2.0.7
284 silly placeDep ROOT qs@6.14.2 OK for: express@4.22.1 want: ~6.14.0
285 silly placeDep ROOT range-parser@1.2.1 OK for: express@4.22.1 want: ~1.2.1
286 silly placeDep ROOT safe-buffer@5.2.1 OK for: express@4.22.1 want: 5.2.1
287 silly placeDep ROOT send@0.19.2 OK for: express@4.22.1 want: ~0.19.0
288 silly placeDep ROOT serve-static@1.16.3 OK for: express@4.22.1 want: ~1.16.2
289 silly placeDep ROOT setprototypeof@1.2.0 OK for: express@4.22.1 want: 1.2.0
290 silly placeDep ROOT statuses@2.0.2 OK for: express@4.22.1 want: ~2.0.1
291 silly placeDep ROOT type-is@1.6.18 OK for: express@4.22.1 want: ~1.6.18
292 silly placeDep ROOT utils-merge@1.0.1 OK for: express@4.22.1 want: 1.0.1
293 silly fetch manifest mime-types@~2.1.34
294 silly packumentCache full:https://registry.npmjs.org/mime-types cache-miss
295 silly fetch manifest negotiator@0.6.3
296 silly packumentCache full:https://registry.npmjs.org/negotiator cache-miss
297 silly fetch manifest bytes@~3.1.2
298 silly packumentCache full:https://registry.npmjs.org/bytes cache-miss
299 silly fetch manifest content-type@~1.0.5
300 silly packumentCache full:https://registry.npmjs.org/content-type cache-miss
301 silly fetch manifest destroy@~1.2.0
302 silly packumentCache full:https://registry.npmjs.org/destroy cache-miss
303 silly fetch manifest http-errors@~2.0.1
304 silly packumentCache full:https://registry.npmjs.org/http-errors cache-miss
305 silly fetch manifest iconv-lite@~0.4.24
306 silly packumentCache full:https://registry.npmjs.org/iconv-lite cache-miss
307 http cache https://registry.npmjs.org/http-errors 5ms (cache hit)
308 silly packumentCache full:https://registry.npmjs.org/http-errors set size:71987 disposed:false
309 silly fetch manifest qs@~6.15.1
310 silly packumentCache full:https://registry.npmjs.org/qs cache-miss
311 http cache https://registry.npmjs.org/content-type 7ms (cache hit)
312 silly packumentCache full:https://registry.npmjs.org/content-type set size:17311 disposed:false
313 silly fetch manifest raw-body@~2.5.3
314 silly packumentCache full:https://registry.npmjs.org/raw-body cache-miss
315 http cache https://registry.npmjs.org/qs 3ms (cache hit)
316 silly packumentCache full:https://registry.npmjs.org/qs set size:353582 disposed:false
317 silly fetch manifest unpipe@~1.0.0
318 silly packumentCache full:https://registry.npmjs.org/unpipe cache-miss
319 http fetch GET 200 https://registry.npmjs.org/unpipe 187ms (cache miss)
320 silly packumentCache full:https://registry.npmjs.org/unpipe set size:undefined disposed:false
321 silly fetch manifest ms@2.0.0
322 silly packumentCache full:https://registry.npmjs.org/ms cache-miss
323 http fetch GET 200 https://registry.npmjs.org/negotiator 287ms (cache miss)
324 silly packumentCache full:https://registry.npmjs.org/negotiator set size:undefined disposed:false
325 silly fetch manifest statuses@~2.0.2
326 silly packumentCache full:https://registry.npmjs.org/statuses cache-miss
327 http cache https://registry.npmjs.org/statuses 3ms (cache hit)
328 silly packumentCache full:https://registry.npmjs.org/statuses set size:37117 disposed:false
329 silly fetch manifest inherits@~2.0.4
330 silly packumentCache full:https://registry.npmjs.org/inherits cache-miss
331 http fetch GET 200 https://registry.npmjs.org/destroy 292ms (cache miss)
332 silly packumentCache full:https://registry.npmjs.org/destroy set size:undefined disposed:false
333 silly fetch manifest setprototypeof@~1.2.0
334 silly packumentCache full:https://registry.npmjs.org/setprototypeof cache-miss
335 http cache https://registry.npmjs.org/setprototypeof 2ms (cache hit)
336 silly packumentCache full:https://registry.npmjs.org/setprototypeof set size:14532 disposed:false
337 silly fetch manifest toidentifier@~1.0.1
338 silly packumentCache full:https://registry.npmjs.org/toidentifier cache-miss
339 http fetch GET 200 https://registry.npmjs.org/bytes 327ms (cache miss)
340 silly packumentCache full:https://registry.npmjs.org/bytes set size:undefined disposed:false
341 silly fetch manifest ee-first@1.1.1
342 silly packumentCache full:https://registry.npmjs.org/ee-first cache-miss
343 http fetch GET 200 https://registry.npmjs.org/toidentifier 250ms (cache miss)
344 silly packumentCache full:https://registry.npmjs.org/toidentifier set size:undefined disposed:false
345 silly fetch manifest forwarded@0.2.0
346 silly packumentCache full:https://registry.npmjs.org/forwarded cache-miss
347 http fetch GET 200 https://registry.npmjs.org/raw-body 671ms (cache miss)
348 silly packumentCache full:https://registry.npmjs.org/raw-body set size:undefined disposed:false
349 silly fetch manifest ipaddr.js@1.9.1
350 silly packumentCache full:https://registry.npmjs.org/ipaddr.js cache-miss
351 http fetch GET 200 https://registry.npmjs.org/iconv-lite 688ms (cache miss)
352 silly packumentCache full:https://registry.npmjs.org/iconv-lite set size:undefined disposed:false
353 silly fetch manifest side-channel@^1.1.0
354 silly packumentCache full:https://registry.npmjs.org/side-channel cache-miss
355 http fetch GET 200 https://registry.npmjs.org/ee-first 394ms (cache miss)
356 silly packumentCache full:https://registry.npmjs.org/ee-first set size:undefined disposed:false
357 silly fetch manifest ms@2.1.3
358 silly packumentCache full:https://registry.npmjs.org/ms cache-miss
359 http fetch GET 200 https://registry.npmjs.org/inherits 498ms (cache miss)
360 silly packumentCache full:https://registry.npmjs.org/inherits set size:undefined disposed:false
361 silly fetch manifest mime@1.6.0
362 silly packumentCache full:https://registry.npmjs.org/mime cache-miss
363 http fetch GET 200 https://registry.npmjs.org/forwarded 252ms (cache miss)
364 silly packumentCache full:https://registry.npmjs.org/forwarded set size:undefined disposed:false
365 silly fetch manifest destroy@1.2.0
366 silly packumentCache full:https://registry.npmjs.org/destroy cache-miss
367 http cache https://registry.npmjs.org/destroy 3ms (cache hit)
368 silly packumentCache full:https://registry.npmjs.org/destroy set size:15738 disposed:false
369 silly fetch manifest mime-types@~2.1.24
370 silly packumentCache full:https://registry.npmjs.org/mime-types cache-miss
371 http fetch GET 200 https://registry.npmjs.org/side-channel 390ms (cache miss)
372 silly packumentCache full:https://registry.npmjs.org/side-channel set size:undefined disposed:false
373 silly fetch manifest media-typer@0.3.0
374 silly packumentCache full:https://registry.npmjs.org/media-typer cache-miss
375 http fetch GET 200 https://registry.npmjs.org/ms 519ms (cache miss)
376 silly packumentCache full:https://registry.npmjs.org/ms set size:undefined disposed:false
377 http fetch GET 200 https://registry.npmjs.org/ipaddr.js 707ms (cache miss)
378 silly packumentCache full:https://registry.npmjs.org/ipaddr.js set size:undefined disposed:false
379 http fetch GET 200 https://registry.npmjs.org/mime 721ms (cache miss)
380 silly packumentCache full:https://registry.npmjs.org/mime set size:undefined disposed:false
381 http fetch GET 200 https://registry.npmjs.org/mime-types 731ms (cache miss)
382 silly packumentCache full:https://registry.npmjs.org/mime-types set size:undefined disposed:false
383 http fetch GET 200 https://registry.npmjs.org/mime-types 1749ms (cache miss)
384 silly packumentCache full:https://registry.npmjs.org/mime-types set size:undefined disposed:false
385 http fetch GET 200 https://registry.npmjs.org/ms 1736ms (cache miss)
386 silly packumentCache full:https://registry.npmjs.org/ms set size:undefined disposed:false
387 http fetch GET 200 https://registry.npmjs.org/media-typer 1003ms (cache miss)
388 silly packumentCache full:https://registry.npmjs.org/media-typer set size:undefined disposed:false
389 silly placeDep ROOT mime-types@2.1.35 OK for: accepts@1.3.8 want: ~2.1.34
390 silly placeDep ROOT negotiator@0.6.3 OK for: accepts@1.3.8 want: 0.6.3
391 silly fetch manifest mime-db@1.52.0
392 silly packumentCache full:https://registry.npmjs.org/mime-db cache-miss
393 http fetch GET 200 https://registry.npmjs.org/mime-db 897ms (cache miss)
394 silly packumentCache full:https://registry.npmjs.org/mime-db set size:undefined disposed:false
395 silly placeDep ROOT bytes@3.1.2 OK for: body-parser@1.20.5 want: ~3.1.2
396 silly placeDep ROOT destroy@1.2.0 OK for: body-parser@1.20.5 want: ~1.2.0
397 silly placeDep ROOT iconv-lite@0.4.24 OK for: body-parser@1.20.5 want: ~0.4.24
398 silly placeDep node_modules/body-parser qs@6.15.1 OK for: body-parser@1.20.5 want: ~6.15.1
399 silly placeDep ROOT raw-body@2.5.3 OK for: body-parser@1.20.5 want: ~2.5.3
400 silly placeDep ROOT unpipe@1.0.0 OK for: body-parser@1.20.5 want: ~1.0.0
401 silly fetch manifest safer-buffer@>= 2.1.2 < 3
402 silly packumentCache full:https://registry.npmjs.org/safer-buffer cache-miss
403 http fetch GET 200 https://registry.npmjs.org/safer-buffer 255ms (cache miss)
404 silly packumentCache full:https://registry.npmjs.org/safer-buffer set size:undefined disposed:false
405 silly placeDep ROOT ms@2.0.0 OK for: debug@2.6.9 want: 2.0.0
406 silly placeDep ROOT graceful-fs@4.2.11 OK for: fs-extra@11.3.4 want: ^4.2.0
407 silly placeDep ROOT jsonfile@6.2.1 OK for: fs-extra@11.3.4 want: ^6.0.1
408 silly placeDep ROOT universalify@2.0.1 OK for: fs-extra@11.3.4 want: ^2.0.0
409 silly placeDep ROOT inherits@2.0.4 OK for: http-errors@2.0.1 want: ~2.0.4
410 silly placeDep ROOT toidentifier@1.0.1 OK for: http-errors@2.0.1 want: ~1.0.1
411 silly placeDep ROOT safer-buffer@2.1.2 OK for: iconv-lite@0.4.24 want: >= 2.1.2 < 3
412 silly placeDep ROOT @xmldom/xmldom@0.8.13 OK for: mammoth@1.12.0 want: ^0.8.6
413 silly placeDep ROOT argparse@1.0.10 OK for: mammoth@1.12.0 want: ~1.0.3
414 silly placeDep ROOT base64-js@1.5.1 OK for: mammoth@1.12.0 want: ^1.5.1
415 silly placeDep ROOT bluebird@3.4.7 OK for: mammoth@1.12.0 want: ~3.4.0
416 silly placeDep ROOT dingbat-to-unicode@1.0.1 OK for: mammoth@1.12.0 want: ^1.0.1
417 silly placeDep ROOT jszip@3.10.1 OK for: mammoth@1.12.0 want: ^3.7.1
418 silly placeDep ROOT lop@0.4.2 OK for: mammoth@1.12.0 want: ^0.4.2
419 silly placeDep ROOT path-is-absolute@1.0.1 OK for: mammoth@1.12.0 want: ^1.0.0
420 silly placeDep ROOT underscore@1.13.8 OK for: mammoth@1.12.0 want: ^1.13.1
421 silly placeDep ROOT xmlbuilder@10.1.1 OK for: mammoth@1.12.0 want: ^10.0.0
422 silly fetch manifest sprintf-js@~1.0.2
423 silly packumentCache full:https://registry.npmjs.org/sprintf-js cache-miss
424 silly fetch manifest lie@~3.3.0
425 silly packumentCache full:https://registry.npmjs.org/lie cache-miss
426 silly fetch manifest pako@~1.0.2
427 silly packumentCache full:https://registry.npmjs.org/pako cache-miss
428 silly fetch manifest setimmediate@^1.0.5
429 silly packumentCache full:https://registry.npmjs.org/setimmediate cache-miss
430 silly fetch manifest readable-stream@~2.3.6
431 silly packumentCache full:https://registry.npmjs.org/readable-stream cache-miss
432 silly fetch manifest duck@^0.1.12
433 silly packumentCache full:https://registry.npmjs.org/duck cache-miss
434 silly fetch manifest option@~0.2.1
435 silly packumentCache full:https://registry.npmjs.org/option cache-miss
436 http fetch GET 200 https://registry.npmjs.org/duck 229ms (cache miss)
437 silly packumentCache full:https://registry.npmjs.org/duck set size:undefined disposed:false
438 http fetch GET 200 https://registry.npmjs.org/pako 312ms (cache miss)
439 silly packumentCache full:https://registry.npmjs.org/pako set size:undefined disposed:false
440 http fetch GET 200 https://registry.npmjs.org/setimmediate 329ms (cache miss)
441 silly packumentCache full:https://registry.npmjs.org/setimmediate set size:undefined disposed:false
442 http fetch GET 200 https://registry.npmjs.org/option 351ms (cache miss)
443 silly packumentCache full:https://registry.npmjs.org/option set size:undefined disposed:false
444 http fetch GET 200 https://registry.npmjs.org/lie 415ms (cache miss)
445 silly packumentCache full:https://registry.npmjs.org/lie set size:undefined disposed:false
446 http fetch GET 200 https://registry.npmjs.org/sprintf-js 790ms (cache miss)
447 silly packumentCache full:https://registry.npmjs.org/sprintf-js set size:undefined disposed:false
448 http fetch GET 200 https://registry.npmjs.org/readable-stream 1360ms (cache miss)
449 silly packumentCache full:https://registry.npmjs.org/readable-stream set size:undefined disposed:false
450 silly placeDep ROOT sprintf-js@1.0.3 OK for: argparse@1.0.10 want: ~1.0.2
451 silly placeDep ROOT lie@3.3.0 OK for: jszip@3.10.1 want: ~3.3.0
452 silly placeDep ROOT pako@1.0.11 OK for: jszip@3.10.1 want: ~1.0.2
453 silly placeDep ROOT readable-stream@2.3.8 OK for: jszip@3.10.1 want: ~2.3.6
454 silly placeDep ROOT setimmediate@1.0.5 OK for: jszip@3.10.1 want: ^1.0.5
455 silly fetch manifest immediate@~3.0.5
456 silly packumentCache full:https://registry.npmjs.org/immediate cache-miss
457 silly fetch manifest isarray@~1.0.0
458 silly packumentCache full:https://registry.npmjs.org/isarray cache-miss
459 silly fetch manifest safe-buffer@~5.1.1
460 silly packumentCache full:https://registry.npmjs.org/safe-buffer cache-miss
461 silly fetch manifest core-util-is@~1.0.0
462 silly packumentCache full:https://registry.npmjs.org/core-util-is cache-miss
463 silly fetch manifest string_decoder@~1.1.1
464 silly packumentCache full:https://registry.npmjs.org/string_decoder cache-miss
465 silly fetch manifest util-deprecate@~1.0.1
466 silly packumentCache full:https://registry.npmjs.org/util-deprecate cache-miss
467 silly fetch manifest process-nextick-args@~2.0.0
468 silly packumentCache full:https://registry.npmjs.org/process-nextick-args cache-miss
469 http cache https://registry.npmjs.org/safe-buffer 8ms (cache hit)
470 silly packumentCache full:https://registry.npmjs.org/safe-buffer set size:41183 disposed:false
471 http fetch GET 200 https://registry.npmjs.org/core-util-is 338ms (cache miss)
472 silly packumentCache full:https://registry.npmjs.org/core-util-is set size:undefined disposed:false
473 http fetch GET 200 https://registry.npmjs.org/isarray 385ms (cache miss)
474 silly packumentCache full:https://registry.npmjs.org/isarray set size:undefined disposed:false
475 http fetch GET 200 https://registry.npmjs.org/process-nextick-args 388ms (cache miss)
476 silly packumentCache full:https://registry.npmjs.org/process-nextick-args set size:undefined disposed:false
477 http fetch GET 200 https://registry.npmjs.org/string_decoder 440ms (cache miss)
478 silly packumentCache full:https://registry.npmjs.org/string_decoder set size:undefined disposed:false
479 http fetch GET 200 https://registry.npmjs.org/immediate 461ms (cache miss)
480 silly packumentCache full:https://registry.npmjs.org/immediate set size:undefined disposed:false
481 http fetch GET 200 https://registry.npmjs.org/util-deprecate 536ms (cache miss)
482 silly packumentCache full:https://registry.npmjs.org/util-deprecate set size:undefined disposed:false
483 silly placeDep ROOT immediate@3.0.6 OK for: lie@3.3.0 want: ~3.0.5
484 silly placeDep ROOT duck@0.1.12 OK for: lop@0.4.2 want: ^0.1.12
485 silly placeDep ROOT option@0.2.4 OK for: lop@0.4.2 want: ~0.2.1
486 silly placeDep ROOT mime-db@1.52.0 OK for: mime-types@2.1.35 want: 1.52.0
487 silly placeDep ROOT append-field@1.0.0 OK for: multer@1.4.5-lts.2 want: ^1.0.0
488 silly placeDep ROOT busboy@1.6.0 OK for: multer@1.4.5-lts.2 want: ^1.0.0
489 silly placeDep ROOT concat-stream@1.6.2 OK for: multer@1.4.5-lts.2 want: ^1.5.2
490 silly placeDep ROOT mkdirp@0.5.6 OK for: multer@1.4.5-lts.2 want: ^0.5.4
491 silly placeDep ROOT xtend@4.0.2 OK for: multer@1.4.5-lts.2 want: ^4.0.0
492 silly fetch manifest streamsearch@^1.1.0
493 silly packumentCache full:https://registry.npmjs.org/streamsearch cache-miss
494 silly fetch manifest buffer-from@^1.0.0
495 silly packumentCache full:https://registry.npmjs.org/buffer-from cache-miss
496 silly fetch manifest typedarray@^0.0.6
497 silly packumentCache full:https://registry.npmjs.org/typedarray cache-miss
498 silly fetch manifest minimist@^1.2.6
499 silly packumentCache full:https://registry.npmjs.org/minimist cache-miss
500 http fetch GET 200 https://registry.npmjs.org/streamsearch 267ms (cache miss)
501 silly packumentCache full:https://registry.npmjs.org/streamsearch set size:undefined disposed:false
502 http fetch GET 200 https://registry.npmjs.org/buffer-from 516ms (cache miss)
503 silly packumentCache full:https://registry.npmjs.org/buffer-from set size:undefined disposed:false
504 http fetch GET 200 https://registry.npmjs.org/minimist 588ms (cache miss)
505 silly packumentCache full:https://registry.npmjs.org/minimist set size:undefined disposed:false
506 http fetch GET 200 https://registry.npmjs.org/typedarray 1258ms (cache miss)
507 silly packumentCache full:https://registry.npmjs.org/typedarray set size:undefined disposed:false
508 silly placeDep ROOT streamsearch@1.1.0 OK for: busboy@1.6.0 want: ^1.1.0
509 silly placeDep ROOT buffer-from@1.1.2 OK for: concat-stream@1.6.2 want: ^1.0.0
510 silly placeDep ROOT typedarray@0.0.6 OK for: concat-stream@1.6.2 want: ^0.0.6
511 silly placeDep ROOT minimist@1.2.8 OK for: mkdirp@0.5.6 want: ^1.2.6
512 silly placeDep ROOT ee-first@1.1.1 OK for: on-finished@2.4.1 want: 1.1.1
513 silly placeDep ROOT node-ensure@0.0.0 OK for: pdf-parse@1.1.4 want: ^0.0.0
514 silly placeDep ROOT forwarded@0.2.0 OK for: proxy-addr@2.0.7 want: 0.2.0
515 silly placeDep ROOT ipaddr.js@1.9.1 OK for: proxy-addr@2.0.7 want: 1.9.1
516 silly placeDep ROOT side-channel@1.1.0 OK for: qs@6.14.2 want: ^1.1.0
517 silly fetch manifest es-errors@^1.3.0
518 silly packumentCache full:https://registry.npmjs.org/es-errors cache-miss
519 silly fetch manifest object-inspect@^1.13.3
520 silly packumentCache full:https://registry.npmjs.org/object-inspect cache-miss
521 silly fetch manifest side-channel-list@^1.0.0
522 silly packumentCache full:https://registry.npmjs.org/side-channel-list cache-miss
523 silly fetch manifest side-channel-map@^1.0.1
524 silly packumentCache full:https://registry.npmjs.org/side-channel-map cache-miss
525 silly fetch manifest side-channel-weakmap@^1.0.2
526 silly packumentCache full:https://registry.npmjs.org/side-channel-weakmap cache-miss
527 http fetch GET 200 https://registry.npmjs.org/side-channel-list 352ms (cache miss)
528 silly packumentCache full:https://registry.npmjs.org/side-channel-list set size:undefined disposed:false
529 http fetch GET 200 https://registry.npmjs.org/es-errors 367ms (cache miss)
530 silly packumentCache full:https://registry.npmjs.org/es-errors set size:undefined disposed:false
531 http fetch GET 200 https://registry.npmjs.org/side-channel-weakmap 537ms (cache miss)
532 silly packumentCache full:https://registry.npmjs.org/side-channel-weakmap set size:undefined disposed:false
533 http fetch GET 200 https://registry.npmjs.org/object-inspect 641ms (cache miss)
534 silly packumentCache full:https://registry.npmjs.org/object-inspect set size:undefined disposed:false
535 http fetch GET 200 https://registry.npmjs.org/side-channel-map 3354ms (cache miss)
536 silly packumentCache full:https://registry.npmjs.org/side-channel-map set size:undefined disposed:false
537 silly placeDep ROOT core-util-is@1.0.3 OK for: readable-stream@2.3.8 want: ~1.0.0
538 silly placeDep ROOT isarray@1.0.0 OK for: readable-stream@2.3.8 want: ~1.0.0
539 silly placeDep ROOT process-nextick-args@2.0.1 OK for: readable-stream@2.3.8 want: ~2.0.0
540 silly placeDep node_modules/readable-stream safe-buffer@5.1.2 OK for: readable-stream@2.3.8 want: ~5.1.1
541 silly placeDep ROOT string_decoder@1.1.1 OK for: readable-stream@2.3.8 want: ~1.1.1
542 silly placeDep ROOT util-deprecate@1.0.2 OK for: readable-stream@2.3.8 want: ~1.0.1
543 silly fetch manifest safe-buffer@~5.1.0
544 silly packumentCache full:https://registry.npmjs.org/safe-buffer cache-hit
545 silly placeDep ROOT mime@1.6.0 OK for: send@0.19.2 want: 1.6.0
546 silly placeDep node_modules/send ms@2.1.3 OK for: send@0.19.2 want: 2.1.3
547 silly placeDep ROOT es-errors@1.3.0 OK for: side-channel@1.1.0 want: ^1.3.0
548 silly placeDep ROOT object-inspect@1.13.4 OK for: side-channel@1.1.0 want: ^1.13.3
549 silly placeDep ROOT side-channel-list@1.0.1 OK for: side-channel@1.1.0 want: ^1.0.0
550 silly placeDep ROOT side-channel-map@1.0.1 OK for: side-channel@1.1.0 want: ^1.0.1
551 silly placeDep ROOT side-channel-weakmap@1.0.2 OK for: side-channel@1.1.0 want: ^1.0.2
552 silly fetch manifest call-bound@^1.0.2
553 silly packumentCache full:https://registry.npmjs.org/call-bound cache-miss
554 silly fetch manifest get-intrinsic@^1.2.5
555 silly packumentCache full:https://registry.npmjs.org/get-intrinsic cache-miss
556 silly fetch manifest call-bound@^1.0.2
557 silly packumentCache full:https://registry.npmjs.org/call-bound cache-miss
558 silly fetch manifest get-intrinsic@^1.2.5
559 silly packumentCache full:https://registry.npmjs.org/get-intrinsic cache-miss
560 http fetch GET 200 https://registry.npmjs.org/call-bound 214ms (cache miss)
561 silly packumentCache full:https://registry.npmjs.org/call-bound set size:undefined disposed:false
562 http fetch GET 200 https://registry.npmjs.org/call-bound 355ms (cache miss)
563 silly packumentCache full:https://registry.npmjs.org/call-bound set size:undefined disposed:false
564 http fetch GET 200 https://registry.npmjs.org/get-intrinsic 545ms (cache miss)
565 silly packumentCache full:https://registry.npmjs.org/get-intrinsic set size:undefined disposed:false
566 http fetch GET 200 https://registry.npmjs.org/get-intrinsic 803ms (cache miss)
567 silly packumentCache full:https://registry.npmjs.org/get-intrinsic set size:undefined disposed:false
568 silly placeDep ROOT call-bound@1.0.4 OK for: side-channel-map@1.0.1 want: ^1.0.2
569 silly placeDep ROOT get-intrinsic@1.3.0 OK for: side-channel-map@1.0.1 want: ^1.2.5
570 silly fetch manifest call-bind-apply-helpers@^1.0.2
571 silly packumentCache full:https://registry.npmjs.org/call-bind-apply-helpers cache-miss
572 silly fetch manifest get-intrinsic@^1.3.0
573 silly packumentCache full:https://registry.npmjs.org/get-intrinsic cache-miss
574 silly fetch manifest gopd@^1.2.0
575 silly packumentCache full:https://registry.npmjs.org/gopd cache-miss
576 silly fetch manifest hasown@^2.0.2
577 silly packumentCache full:https://registry.npmjs.org/hasown cache-miss
578 silly fetch manifest get-proto@^1.0.1
579 silly packumentCache full:https://registry.npmjs.org/get-proto cache-miss
580 silly fetch manifest has-symbols@^1.1.0
581 silly packumentCache full:https://registry.npmjs.org/has-symbols cache-miss
582 silly fetch manifest function-bind@^1.1.2
583 silly packumentCache full:https://registry.npmjs.org/function-bind cache-miss
584 http cache https://registry.npmjs.org/get-intrinsic 8ms (cache hit)
585 silly packumentCache full:https://registry.npmjs.org/get-intrinsic set size:60985 disposed:false
586 silly fetch manifest es-object-atoms@^1.1.1
587 silly packumentCache full:https://registry.npmjs.org/es-object-atoms cache-miss
588 http fetch GET 200 https://registry.npmjs.org/gopd 229ms (cache miss)
589 silly packumentCache full:https://registry.npmjs.org/gopd set size:undefined disposed:false
590 silly fetch manifest math-intrinsics@^1.1.0
591 silly packumentCache full:https://registry.npmjs.org/math-intrinsics cache-miss
592 http fetch GET 200 https://registry.npmjs.org/function-bind 316ms (cache miss)
593 silly packumentCache full:https://registry.npmjs.org/function-bind set size:undefined disposed:false
594 silly fetch manifest es-define-property@^1.0.1
595 silly packumentCache full:https://registry.npmjs.org/es-define-property cache-miss
596 http fetch GET 200 https://registry.npmjs.org/get-proto 346ms (cache miss)
597 silly packumentCache full:https://registry.npmjs.org/get-proto set size:undefined disposed:false
598 silly fetch manifest call-bind-apply-helpers@^1.0.2
599 silly packumentCache full:https://registry.npmjs.org/call-bind-apply-helpers cache-miss
600 http fetch GET 200 https://registry.npmjs.org/call-bind-apply-helpers 393ms (cache miss)
601 silly packumentCache full:https://registry.npmjs.org/call-bind-apply-helpers set size:undefined disposed:false
602 http fetch GET 200 https://registry.npmjs.org/has-symbols 397ms (cache miss)
603 silly packumentCache full:https://registry.npmjs.org/has-symbols set size:undefined disposed:false
604 http fetch GET 200 https://registry.npmjs.org/es-object-atoms 491ms (cache miss)
605 silly packumentCache full:https://registry.npmjs.org/es-object-atoms set size:undefined disposed:false
606 http fetch GET 200 https://registry.npmjs.org/es-define-property 366ms (cache miss)
607 silly packumentCache full:https://registry.npmjs.org/es-define-property set size:undefined disposed:false
608 http fetch GET 200 https://registry.npmjs.org/call-bind-apply-helpers 366ms (cache miss)
609 silly packumentCache full:https://registry.npmjs.org/call-bind-apply-helpers set size:undefined disposed:false
610 http fetch GET 200 https://registry.npmjs.org/math-intrinsics 687ms (cache miss)
611 silly packumentCache full:https://registry.npmjs.org/math-intrinsics set size:undefined disposed:false
612 http fetch GET 200 https://registry.npmjs.org/hasown 1118ms (cache miss)
613 silly packumentCache full:https://registry.npmjs.org/hasown set size:undefined disposed:false
614 silly placeDep ROOT call-bind-apply-helpers@1.0.2 OK for: call-bound@1.0.4 want: ^1.0.2
615 silly placeDep ROOT function-bind@1.1.2 OK for: call-bind-apply-helpers@1.0.2 want: ^1.1.2
616 silly placeDep ROOT es-define-property@1.0.1 OK for: get-intrinsic@1.3.0 want: ^1.0.1
617 silly placeDep ROOT es-object-atoms@1.1.1 OK for: get-intrinsic@1.3.0 want: ^1.1.1
618 silly placeDep ROOT get-proto@1.0.1 OK for: get-intrinsic@1.3.0 want: ^1.0.1
619 silly placeDep ROOT gopd@1.2.0 OK for: get-intrinsic@1.3.0 want: ^1.2.0
620 silly placeDep ROOT has-symbols@1.1.0 OK for: get-intrinsic@1.3.0 want: ^1.1.0
621 silly placeDep ROOT hasown@2.0.3 OK for: get-intrinsic@1.3.0 want: ^2.0.2
622 silly placeDep ROOT math-intrinsics@1.1.0 OK for: get-intrinsic@1.3.0 want: ^1.1.0
623 silly fetch manifest dunder-proto@^1.0.1
624 silly packumentCache full:https://registry.npmjs.org/dunder-proto cache-miss
625 http fetch GET 200 https://registry.npmjs.org/dunder-proto 289ms (cache miss)
626 silly packumentCache full:https://registry.npmjs.org/dunder-proto set size:undefined disposed:false
627 silly placeDep ROOT dunder-proto@1.0.1 OK for: get-proto@1.0.1 want: ^1.0.1
628 silly placeDep node_modules/string_decoder safe-buffer@5.1.2 OK for: string_decoder@1.1.1 want: ~5.1.0
629 silly placeDep ROOT media-typer@0.3.0 OK for: type-is@1.6.18 want: 0.3.0
630 silly reify moves {}
631 silly audit bulk request {
631 silly audit   cors: [ '2.8.6' ],
631 silly audit   express: [ '4.22.1' ],
631 silly audit   'fs-extra': [ '11.3.4' ],
631 silly audit   mammoth: [ '1.12.0' ],
631 silly audit   multer: [ '1.4.5-lts.2' ],
631 silly audit   'pdf-parse': [ '1.1.4' ],
631 silly audit   'object-assign': [ '4.1.1' ],
631 silly audit   vary: [ '1.1.2' ],
631 silly audit   accepts: [ '1.3.8' ],
631 silly audit   'array-flatten': [ '1.1.1' ],
631 silly audit   'body-parser': [ '1.20.5' ],
631 silly audit   'content-disposition': [ '0.5.4' ],
631 silly audit   'content-type': [ '1.0.5' ],
631 silly audit   cookie: [ '0.7.2' ],
631 silly audit   'cookie-signature': [ '1.0.7' ],
631 silly audit   debug: [ '2.6.9' ],
631 silly audit   depd: [ '2.0.0' ],
631 silly audit   encodeurl: [ '2.0.0' ],
631 silly audit   'escape-html': [ '1.0.3' ],
631 silly audit   etag: [ '1.8.1' ],
631 silly audit   finalhandler: [ '1.3.2' ],
631 silly audit   fresh: [ '0.5.2' ],
631 silly audit   'http-errors': [ '2.0.1' ],
631 silly audit   'merge-descriptors': [ '1.0.3' ],
631 silly audit   methods: [ '1.1.2' ],
631 silly audit   'on-finished': [ '2.4.1' ],
631 silly audit   parseurl: [ '1.3.3' ],
631 silly audit   'path-to-regexp': [ '0.1.13' ],
631 silly audit   'proxy-addr': [ '2.0.7' ],
631 silly audit   qs: [ '6.14.2', '6.15.1' ],
631 silly audit   'range-parser': [ '1.2.1' ],
631 silly audit   'safe-buffer': [ '5.2.1', '5.1.2' ],
631 silly audit   send: [ '0.19.2' ],
631 silly audit   'serve-static': [ '1.16.3' ],
631 silly audit   setprototypeof: [ '1.2.0' ],
631 silly audit   statuses: [ '2.0.2' ],
631 silly audit   'type-is': [ '1.6.18' ],
631 silly audit   'utils-merge': [ '1.0.1' ],
631 silly audit   'mime-types': [ '2.1.35' ],
631 silly audit   negotiator: [ '0.6.3' ],
631 silly audit   bytes: [ '3.1.2' ],
631 silly audit   destroy: [ '1.2.0' ],
631 silly audit   'iconv-lite': [ '0.4.24' ],
631 silly audit   'raw-body': [ '2.5.3' ],
631 silly audit   unpipe: [ '1.0.0' ],
631 silly audit   ms: [ '2.0.0', '2.1.3' ],
631 silly audit   'graceful-fs': [ '4.2.11' ],
631 silly audit   jsonfile: [ '6.2.1' ],
631 silly audit   universalify: [ '2.0.1' ],
631 silly audit   inherits: [ '2.0.4' ],
631 silly audit   toidentifier: [ '1.0.1' ],
631 silly audit   'safer-buffer': [ '2.1.2' ],
631 silly audit   '@xmldom/xmldom': [ '0.8.13' ],
631 silly audit   argparse: [ '1.0.10' ],
631 silly audit   'base64-js': [ '1.5.1' ],
631 silly audit   bluebird: [ '3.4.7' ],
631 silly audit   'dingbat-to-unicode': [ '1.0.1' ],
631 silly audit   jszip: [ '3.10.1' ],
631 silly audit   lop: [ '0.4.2' ],
631 silly audit   'path-is-absolute': [ '1.0.1' ],
631 silly audit   underscore: [ '1.13.8' ],
631 silly audit   xmlbuilder: [ '10.1.1' ],
631 silly audit   'sprintf-js': [ '1.0.3' ],
631 silly audit   lie: [ '3.3.0' ],
631 silly audit   pako: [ '1.0.11' ],
631 silly audit   'readable-stream': [ '2.3.8' ],
631 silly audit   setimmediate: [ '1.0.5' ],
631 silly audit   immediate: [ '3.0.6' ],
631 silly audit   duck: [ '0.1.12' ],
631 silly audit   option: [ '0.2.4' ],
631 silly audit   'mime-db': [ '1.52.0' ],
631 silly audit   'append-field': [ '1.0.0' ],
631 silly audit   busboy: [ '1.6.0' ],
631 silly audit   'concat-stream': [ '1.6.2' ],
631 silly audit   mkdirp: [ '0.5.6' ],
631 silly audit   xtend: [ '4.0.2' ],
631 silly audit   streamsearch: [ '1.1.0' ],
631 silly audit   'buffer-from': [ '1.1.2' ],
631 silly audit   typedarray: [ '0.0.6' ],
631 silly audit   minimist: [ '1.2.8' ],
631 silly audit   'ee-first': [ '1.1.1' ],
631 silly audit   'node-ensure': [ '0.0.0' ],
631 silly audit   forwarded: [ '0.2.0' ],
631 silly audit   'ipaddr.js': [ '1.9.1' ],
631 silly audit   'side-channel': [ '1.1.0' ],
631 silly audit   'core-util-is': [ '1.0.3' ],
631 silly audit   isarray: [ '1.0.0' ],
631 silly audit   'process-nextick-args': [ '2.0.1' ],
631 silly audit   string_decoder: [ '1.1.1' ],
631 silly audit   'util-deprecate': [ '1.0.2' ],
631 silly audit   mime: [ '1.6.0' ],
631 silly audit   'es-errors': [ '1.3.0' ],
631 silly audit   'object-inspect': [ '1.13.4' ],
631 silly audit   'side-channel-list': [ '1.0.1' ],
631 silly audit   'side-channel-map': [ '1.0.1' ],
631 silly audit   'side-channel-weakmap': [ '1.0.2' ],
631 silly audit   'call-bound': [ '1.0.4' ],
631 silly audit   'get-intrinsic': [ '1.3.0' ],
631 silly audit   'call-bind-apply-helpers': [ '1.0.2' ],
631 silly audit   'function-bind': [ '1.1.2' ],
631 silly audit   'es-define-property': [ '1.0.1' ],
631 silly audit   'es-object-atoms': [ '1.1.1' ],
631 silly audit   'get-proto': [ '1.0.1' ],
631 silly audit   gopd: [ '1.2.0' ],
631 silly audit   'has-symbols': [ '1.1.0' ],
631 silly audit   hasown: [ '2.0.3' ],
631 silly audit   'math-intrinsics': [ '1.1.0' ],
631 silly audit   'dunder-proto': [ '1.0.1' ],
631 silly audit   'media-typer': [ '0.3.0' ]
631 silly audit }
632 http cache math-intrinsics@https://registry.npmjs.org/math-intrinsics/-/math-intrinsics-1.1.0.tgz 0ms (cache hit)
633 http cache dunder-proto@https://registry.npmjs.org/dunder-proto/-/dunder-proto-1.0.1.tgz 0ms (cache hit)
634 http cache media-typer@https://registry.npmjs.org/media-typer/-/media-typer-0.3.0.tgz 0ms (cache hit)
635 http cache gopd@https://registry.npmjs.org/gopd/-/gopd-1.2.0.tgz 0ms (cache hit)
636 http cache has-symbols@https://registry.npmjs.org/has-symbols/-/has-symbols-1.1.0.tgz 0ms (cache hit)
637 http cache hasown@https://registry.npmjs.org/hasown/-/hasown-2.0.3.tgz 0ms (cache hit)
638 http cache es-object-atoms@https://registry.npmjs.org/es-object-atoms/-/es-object-atoms-1.1.1.tgz 0ms (cache hit)
639 http cache es-define-property@https://registry.npmjs.org/es-define-property/-/es-define-property-1.0.1.tgz 0ms (cache hit)
640 http cache call-bind-apply-helpers@https://registry.npmjs.org/call-bind-apply-helpers/-/call-bind-apply-helpers-1.0.2.tgz 0ms (cache hit)
641 http cache get-intrinsic@https://registry.npmjs.org/get-intrinsic/-/get-intrinsic-1.3.0.tgz 0ms (cache hit)
642 http cache function-bind@https://registry.npmjs.org/function-bind/-/function-bind-1.1.2.tgz 0ms (cache hit)
643 http cache call-bound@https://registry.npmjs.org/call-bound/-/call-bound-1.0.4.tgz 0ms (cache hit)
644 http cache side-channel-weakmap@https://registry.npmjs.org/side-channel-weakmap/-/side-channel-weakmap-1.0.2.tgz 0ms (cache hit)
645 http cache side-channel-map@https://registry.npmjs.org/side-channel-map/-/side-channel-map-1.0.1.tgz 0ms (cache hit)
646 http cache side-channel-list@https://registry.npmjs.org/side-channel-list/-/side-channel-list-1.0.1.tgz 0ms (cache hit)
647 http cache object-inspect@https://registry.npmjs.org/object-inspect/-/object-inspect-1.13.4.tgz 0ms (cache hit)
648 http cache es-errors@https://registry.npmjs.org/es-errors/-/es-errors-1.3.0.tgz 0ms (cache hit)
649 http cache mime@https://registry.npmjs.org/mime/-/mime-1.6.0.tgz 0ms (cache hit)
650 http cache get-proto@https://registry.npmjs.org/get-proto/-/get-proto-1.0.1.tgz 0ms (cache hit)
651 http cache string_decoder@https://registry.npmjs.org/string_decoder/-/string_decoder-1.1.1.tgz 0ms (cache hit)
652 http cache process-nextick-args@https://registry.npmjs.org/process-nextick-args/-/process-nextick-args-2.0.1.tgz 0ms (cache hit)
653 http cache core-util-is@https://registry.npmjs.org/core-util-is/-/core-util-is-1.0.3.tgz 0ms (cache hit)
654 http cache side-channel@https://registry.npmjs.org/side-channel/-/side-channel-1.1.0.tgz 0ms (cache hit)
655 http cache forwarded@https://registry.npmjs.org/forwarded/-/forwarded-0.2.0.tgz 0ms (cache hit)
656 http cache ipaddr.js@https://registry.npmjs.org/ipaddr.js/-/ipaddr.js-1.9.1.tgz 0ms (cache hit)
657 http cache isarray@https://registry.npmjs.org/isarray/-/isarray-1.0.0.tgz 0ms (cache hit)
658 http cache node-ensure@https://registry.npmjs.org/node-ensure/-/node-ensure-0.0.0.tgz 0ms (cache hit)
659 http cache ee-first@https://registry.npmjs.org/ee-first/-/ee-first-1.1.1.tgz 0ms (cache hit)
660 http cache minimist@https://registry.npmjs.org/minimist/-/minimist-1.2.8.tgz 0ms (cache hit)
661 http cache typedarray@https://registry.npmjs.org/typedarray/-/typedarray-0.0.6.tgz 0ms (cache hit)
662 http cache buffer-from@https://registry.npmjs.org/buffer-from/-/buffer-from-1.1.2.tgz 0ms (cache hit)
663 http cache xtend@https://registry.npmjs.org/xtend/-/xtend-4.0.2.tgz 0ms (cache hit)
664 http cache mkdirp@https://registry.npmjs.org/mkdirp/-/mkdirp-0.5.6.tgz 0ms (cache hit)
665 http cache concat-stream@https://registry.npmjs.org/concat-stream/-/concat-stream-1.6.2.tgz 0ms (cache hit)
666 http cache busboy@https://registry.npmjs.org/busboy/-/busboy-1.6.0.tgz 0ms (cache hit)
667 http cache streamsearch@https://registry.npmjs.org/streamsearch/-/streamsearch-1.1.0.tgz 0ms (cache hit)
668 http cache mime-db@https://registry.npmjs.org/mime-db/-/mime-db-1.52.0.tgz 0ms (cache hit)
669 http cache option@https://registry.npmjs.org/option/-/option-0.2.4.tgz 0ms (cache hit)
670 http cache append-field@https://registry.npmjs.org/append-field/-/append-field-1.0.0.tgz 0ms (cache hit)
671 http cache duck@https://registry.npmjs.org/duck/-/duck-0.1.12.tgz 0ms (cache hit)
672 http cache setimmediate@https://registry.npmjs.org/setimmediate/-/setimmediate-1.0.5.tgz 0ms (cache hit)
673 http cache readable-stream@https://registry.npmjs.org/readable-stream/-/readable-stream-2.3.8.tgz 0ms (cache hit)
674 http cache util-deprecate@https://registry.npmjs.org/util-deprecate/-/util-deprecate-1.0.2.tgz 0ms (cache hit)
675 http cache lie@https://registry.npmjs.org/lie/-/lie-3.3.0.tgz 0ms (cache hit)
676 http cache pako@https://registry.npmjs.org/pako/-/pako-1.0.11.tgz 0ms (cache hit)
677 http cache xmlbuilder@https://registry.npmjs.org/xmlbuilder/-/xmlbuilder-10.1.1.tgz 0ms (cache hit)
678 http cache path-is-absolute@https://registry.npmjs.org/path-is-absolute/-/path-is-absolute-1.0.1.tgz 0ms (cache hit)
679 http cache sprintf-js@https://registry.npmjs.org/sprintf-js/-/sprintf-js-1.0.3.tgz 0ms (cache hit)
680 http cache underscore@https://registry.npmjs.org/underscore/-/underscore-1.13.8.tgz 0ms (cache hit)
681 http cache lop@https://registry.npmjs.org/lop/-/lop-0.4.2.tgz 0ms (cache hit)
682 http cache jszip@https://registry.npmjs.org/jszip/-/jszip-3.10.1.tgz 0ms (cache hit)
683 http cache dingbat-to-unicode@https://registry.npmjs.org/dingbat-to-unicode/-/dingbat-to-unicode-1.0.1.tgz 0ms (cache hit)
684 http cache bluebird@https://registry.npmjs.org/bluebird/-/bluebird-3.4.7.tgz 0ms (cache hit)
685 http cache argparse@https://registry.npmjs.org/argparse/-/argparse-1.0.10.tgz 0ms (cache hit)
686 http cache base64-js@https://registry.npmjs.org/base64-js/-/base64-js-1.5.1.tgz 0ms (cache hit)
687 http cache @xmldom/xmldom@https://registry.npmjs.org/@xmldom/xmldom/-/xmldom-0.8.13.tgz 0ms (cache hit)
688 http cache safer-buffer@https://registry.npmjs.org/safer-buffer/-/safer-buffer-2.1.2.tgz 0ms (cache hit)
689 http cache inherits@https://registry.npmjs.org/inherits/-/inherits-2.0.4.tgz 0ms (cache hit)
690 http cache toidentifier@https://registry.npmjs.org/toidentifier/-/toidentifier-1.0.1.tgz 0ms (cache hit)
691 http cache universalify@https://registry.npmjs.org/universalify/-/universalify-2.0.1.tgz 0ms (cache hit)
692 http cache jsonfile@https://registry.npmjs.org/jsonfile/-/jsonfile-6.2.1.tgz 0ms (cache hit)
693 http cache ms@https://registry.npmjs.org/ms/-/ms-2.0.0.tgz 0ms (cache hit)
694 http cache graceful-fs@https://registry.npmjs.org/graceful-fs/-/graceful-fs-4.2.11.tgz 0ms (cache hit)
695 http cache unpipe@https://registry.npmjs.org/unpipe/-/unpipe-1.0.0.tgz 0ms (cache hit)
696 http cache raw-body@https://registry.npmjs.org/raw-body/-/raw-body-2.5.3.tgz 0ms (cache hit)
697 http cache iconv-lite@https://registry.npmjs.org/iconv-lite/-/iconv-lite-0.4.24.tgz 0ms (cache hit)
698 http cache destroy@https://registry.npmjs.org/destroy/-/destroy-1.2.0.tgz 0ms (cache hit)
699 http cache bytes@https://registry.npmjs.org/bytes/-/bytes-3.1.2.tgz 0ms (cache hit)
700 http cache mime-types@https://registry.npmjs.org/mime-types/-/mime-types-2.1.35.tgz 0ms (cache hit)
701 http cache utils-merge@https://registry.npmjs.org/utils-merge/-/utils-merge-1.0.1.tgz 0ms (cache hit)
702 http cache negotiator@https://registry.npmjs.org/negotiator/-/negotiator-0.6.3.tgz 0ms (cache hit)
703 http cache type-is@https://registry.npmjs.org/type-is/-/type-is-1.6.18.tgz 0ms (cache hit)
704 http cache statuses@https://registry.npmjs.org/statuses/-/statuses-2.0.2.tgz 0ms (cache hit)
705 http cache setprototypeof@https://registry.npmjs.org/setprototypeof/-/setprototypeof-1.2.0.tgz 0ms (cache hit)
706 http cache serve-static@https://registry.npmjs.org/serve-static/-/serve-static-1.16.3.tgz 0ms (cache hit)
707 http cache send@https://registry.npmjs.org/send/-/send-0.19.2.tgz 0ms (cache hit)
708 http cache range-parser@https://registry.npmjs.org/range-parser/-/range-parser-1.2.1.tgz 0ms (cache hit)
709 http cache qs@https://registry.npmjs.org/qs/-/qs-6.14.2.tgz 0ms (cache hit)
710 http cache safe-buffer@https://registry.npmjs.org/safe-buffer/-/safe-buffer-5.2.1.tgz 0ms (cache hit)
711 http cache path-to-regexp@https://registry.npmjs.org/path-to-regexp/-/path-to-regexp-0.1.13.tgz 0ms (cache hit)
712 http cache proxy-addr@https://registry.npmjs.org/proxy-addr/-/proxy-addr-2.0.7.tgz 0ms (cache hit)
713 http cache parseurl@https://registry.npmjs.org/parseurl/-/parseurl-1.3.3.tgz 0ms (cache hit)
714 http cache on-finished@https://registry.npmjs.org/on-finished/-/on-finished-2.4.1.tgz 0ms (cache hit)
715 http cache methods@https://registry.npmjs.org/methods/-/methods-1.1.2.tgz 0ms (cache hit)
716 http cache http-errors@https://registry.npmjs.org/http-errors/-/http-errors-2.0.1.tgz 0ms (cache hit)
717 http cache merge-descriptors@https://registry.npmjs.org/merge-descriptors/-/merge-descriptors-1.0.3.tgz 0ms (cache hit)
718 http cache fresh@https://registry.npmjs.org/fresh/-/fresh-0.5.2.tgz 1ms (cache hit)
719 http cache finalhandler@https://registry.npmjs.org/finalhandler/-/finalhandler-1.3.2.tgz 0ms (cache hit)
720 http cache escape-html@https://registry.npmjs.org/escape-html/-/escape-html-1.0.3.tgz 0ms (cache hit)
721 http cache etag@https://registry.npmjs.org/etag/-/etag-1.8.1.tgz 0ms (cache hit)
722 http cache encodeurl@https://registry.npmjs.org/encodeurl/-/encodeurl-2.0.0.tgz 0ms (cache hit)
723 http cache depd@https://registry.npmjs.org/depd/-/depd-2.0.0.tgz 0ms (cache hit)
724 http cache cookie-signature@https://registry.npmjs.org/cookie-signature/-/cookie-signature-1.0.7.tgz 0ms (cache hit)
725 http cache debug@https://registry.npmjs.org/debug/-/debug-2.6.9.tgz 0ms (cache hit)
726 http cache content-disposition@https://registry.npmjs.org/content-disposition/-/content-disposition-0.5.4.tgz 0ms (cache hit)
727 http cache content-type@https://registry.npmjs.org/content-type/-/content-type-1.0.5.tgz 0ms (cache hit)
728 http cache body-parser@https://registry.npmjs.org/body-parser/-/body-parser-1.20.5.tgz 0ms (cache hit)
729 http cache array-flatten@https://registry.npmjs.org/array-flatten/-/array-flatten-1.1.1.tgz 0ms (cache hit)
730 http cache vary@https://registry.npmjs.org/vary/-/vary-1.1.2.tgz 0ms (cache hit)
731 http cache accepts@https://registry.npmjs.org/accepts/-/accepts-1.3.8.tgz 0ms (cache hit)
732 http cache object-assign@https://registry.npmjs.org/object-assign/-/object-assign-4.1.1.tgz 0ms (cache hit)
733 http cache pdf-parse@https://registry.npmjs.org/pdf-parse/-/pdf-parse-1.1.4.tgz 0ms (cache hit)
734 http cache multer@https://registry.npmjs.org/multer/-/multer-1.4.5-lts.2.tgz 0ms (cache hit)
735 http cache fs-extra@https://registry.npmjs.org/fs-extra/-/fs-extra-11.3.4.tgz 0ms (cache hit)
736 http cache mammoth@https://registry.npmjs.org/mammoth/-/mammoth-1.12.0.tgz 0ms (cache hit)
737 http cache express@https://registry.npmjs.org/express/-/express-4.22.1.tgz 0ms (cache hit)
738 http cache cookie@https://registry.npmjs.org/cookie/-/cookie-0.7.2.tgz 0ms (cache hit)
739 http cache immediate@https://registry.npmjs.org/immediate/-/immediate-3.0.6.tgz 0ms (cache hit)
740 http cache cors@https://registry.npmjs.org/cors/-/cors-2.8.6.tgz 0ms (cache hit)
741 http cache safe-buffer@https://registry.npmjs.org/safe-buffer/-/safe-buffer-5.1.2.tgz 0ms (cache hit)
742 http cache qs@https://registry.npmjs.org/qs/-/qs-6.15.1.tgz 0ms (cache hit)
743 http cache ms@https://registry.npmjs.org/ms/-/ms-2.1.3.tgz 0ms (cache hit)
744 http cache safe-buffer@https://registry.npmjs.org/safe-buffer/-/safe-buffer-5.1.2.tgz 0ms (cache hit)
745 silly tarball no local data for math-intrinsics@https://registry.npmjs.org/math-intrinsics/-/math-intrinsics-1.1.0.tgz. Extracting by manifest.
746 silly tarball no local data for dunder-proto@https://registry.npmjs.org/dunder-proto/-/dunder-proto-1.0.1.tgz. Extracting by manifest.
747 silly tarball no local data for media-typer@https://registry.npmjs.org/media-typer/-/media-typer-0.3.0.tgz. Extracting by manifest.
748 silly tarball no local data for gopd@https://registry.npmjs.org/gopd/-/gopd-1.2.0.tgz. Extracting by manifest.
749 silly tarball no local data for has-symbols@https://registry.npmjs.org/has-symbols/-/has-symbols-1.1.0.tgz. Extracting by manifest.
750 silly tarball no local data for hasown@https://registry.npmjs.org/hasown/-/hasown-2.0.3.tgz. Extracting by manifest.
751 silly tarball no local data for es-object-atoms@https://registry.npmjs.org/es-object-atoms/-/es-object-atoms-1.1.1.tgz. Extracting by manifest.
752 silly tarball no local data for es-define-property@https://registry.npmjs.org/es-define-property/-/es-define-property-1.0.1.tgz. Extracting by manifest.
753 silly tarball no local data for call-bind-apply-helpers@https://registry.npmjs.org/call-bind-apply-helpers/-/call-bind-apply-helpers-1.0.2.tgz. Extracting by manifest.
754 silly tarball no local data for get-intrinsic@https://registry.npmjs.org/get-intrinsic/-/get-intrinsic-1.3.0.tgz. Extracting by manifest.
755 silly tarball no local data for function-bind@https://registry.npmjs.org/function-bind/-/function-bind-1.1.2.tgz. Extracting by manifest.
756 silly tarball no local data for call-bound@https://registry.npmjs.org/call-bound/-/call-bound-1.0.4.tgz. Extracting by manifest.
757 silly tarball no local data for side-channel-weakmap@https://registry.npmjs.org/side-channel-weakmap/-/side-channel-weakmap-1.0.2.tgz. Extracting by manifest.
758 silly tarball no local data for side-channel-map@https://registry.npmjs.org/side-channel-map/-/side-channel-map-1.0.1.tgz. Extracting by manifest.
759 silly tarball no local data for side-channel-list@https://registry.npmjs.org/side-channel-list/-/side-channel-list-1.0.1.tgz. Extracting by manifest.
760 silly tarball no local data for object-inspect@https://registry.npmjs.org/object-inspect/-/object-inspect-1.13.4.tgz. Extracting by manifest.
761 silly tarball no local data for es-errors@https://registry.npmjs.org/es-errors/-/es-errors-1.3.0.tgz. Extracting by manifest.
762 silly tarball no local data for mime@https://registry.npmjs.org/mime/-/mime-1.6.0.tgz. Extracting by manifest.
763 silly tarball no local data for get-proto@https://registry.npmjs.org/get-proto/-/get-proto-1.0.1.tgz. Extracting by manifest.
764 silly tarball no local data for string_decoder@https://registry.npmjs.org/string_decoder/-/string_decoder-1.1.1.tgz. Extracting by manifest.
765 silly tarball no local data for process-nextick-args@https://registry.npmjs.org/process-nextick-args/-/process-nextick-args-2.0.1.tgz. Extracting by manifest.
766 silly tarball no local data for core-util-is@https://registry.npmjs.org/core-util-is/-/core-util-is-1.0.3.tgz. Extracting by manifest.
767 silly tarball no local data for side-channel@https://registry.npmjs.org/side-channel/-/side-channel-1.1.0.tgz. Extracting by manifest.
768 silly tarball no local data for forwarded@https://registry.npmjs.org/forwarded/-/forwarded-0.2.0.tgz. Extracting by manifest.
769 silly tarball no local data for ipaddr.js@https://registry.npmjs.org/ipaddr.js/-/ipaddr.js-1.9.1.tgz. Extracting by manifest.
770 silly tarball no local data for isarray@https://registry.npmjs.org/isarray/-/isarray-1.0.0.tgz. Extracting by manifest.
771 silly tarball no local data for node-ensure@https://registry.npmjs.org/node-ensure/-/node-ensure-0.0.0.tgz. Extracting by manifest.
772 silly tarball no local data for ee-first@https://registry.npmjs.org/ee-first/-/ee-first-1.1.1.tgz. Extracting by manifest.
773 silly tarball no local data for minimist@https://registry.npmjs.org/minimist/-/minimist-1.2.8.tgz. Extracting by manifest.
774 silly tarball no local data for typedarray@https://registry.npmjs.org/typedarray/-/typedarray-0.0.6.tgz. Extracting by manifest.
775 silly tarball no local data for buffer-from@https://registry.npmjs.org/buffer-from/-/buffer-from-1.1.2.tgz. Extracting by manifest.
776 silly tarball no local data for xtend@https://registry.npmjs.org/xtend/-/xtend-4.0.2.tgz. Extracting by manifest.
777 silly tarball no local data for mkdirp@https://registry.npmjs.org/mkdirp/-/mkdirp-0.5.6.tgz. Extracting by manifest.
778 silly tarball no local data for concat-stream@https://registry.npmjs.org/concat-stream/-/concat-stream-1.6.2.tgz. Extracting by manifest.
779 silly tarball no local data for busboy@https://registry.npmjs.org/busboy/-/busboy-1.6.0.tgz. Extracting by manifest.
780 silly tarball no local data for streamsearch@https://registry.npmjs.org/streamsearch/-/streamsearch-1.1.0.tgz. Extracting by manifest.
781 silly tarball no local data for mime-db@https://registry.npmjs.org/mime-db/-/mime-db-1.52.0.tgz. Extracting by manifest.
782 silly tarball no local data for option@https://registry.npmjs.org/option/-/option-0.2.4.tgz. Extracting by manifest.
783 silly tarball no local data for append-field@https://registry.npmjs.org/append-field/-/append-field-1.0.0.tgz. Extracting by manifest.
784 silly tarball no local data for duck@https://registry.npmjs.org/duck/-/duck-0.1.12.tgz. Extracting by manifest.
785 silly tarball no local data for setimmediate@https://registry.npmjs.org/setimmediate/-/setimmediate-1.0.5.tgz. Extracting by manifest.
786 silly tarball no local data for readable-stream@https://registry.npmjs.org/readable-stream/-/readable-stream-2.3.8.tgz. Extracting by manifest.
787 silly tarball no local data for util-deprecate@https://registry.npmjs.org/util-deprecate/-/util-deprecate-1.0.2.tgz. Extracting by manifest.
788 silly tarball no local data for lie@https://registry.npmjs.org/lie/-/lie-3.3.0.tgz. Extracting by manifest.
789 silly tarball no local data for pako@https://registry.npmjs.org/pako/-/pako-1.0.11.tgz. Extracting by manifest.
790 silly tarball no local data for xmlbuilder@https://registry.npmjs.org/xmlbuilder/-/xmlbuilder-10.1.1.tgz. Extracting by manifest.
791 silly tarball no local data for path-is-absolute@https://registry.npmjs.org/path-is-absolute/-/path-is-absolute-1.0.1.tgz. Extracting by manifest.
792 silly tarball no local data for sprintf-js@https://registry.npmjs.org/sprintf-js/-/sprintf-js-1.0.3.tgz. Extracting by manifest.
793 silly tarball no local data for underscore@https://registry.npmjs.org/underscore/-/underscore-1.13.8.tgz. Extracting by manifest.
794 silly tarball no local data for lop@https://registry.npmjs.org/lop/-/lop-0.4.2.tgz. Extracting by manifest.
795 silly tarball no local data for jszip@https://registry.npmjs.org/jszip/-/jszip-3.10.1.tgz. Extracting by manifest.
796 silly tarball no local data for dingbat-to-unicode@https://registry.npmjs.org/dingbat-to-unicode/-/dingbat-to-unicode-1.0.1.tgz. Extracting by manifest.
797 silly tarball no local data for bluebird@https://registry.npmjs.org/bluebird/-/bluebird-3.4.7.tgz. Extracting by manifest.
798 silly tarball no local data for argparse@https://registry.npmjs.org/argparse/-/argparse-1.0.10.tgz. Extracting by manifest.
799 silly tarball no local data for base64-js@https://registry.npmjs.org/base64-js/-/base64-js-1.5.1.tgz. Extracting by manifest.
800 silly tarball no local data for @xmldom/xmldom@https://registry.npmjs.org/@xmldom/xmldom/-/xmldom-0.8.13.tgz. Extracting by manifest.
801 silly tarball no local data for safer-buffer@https://registry.npmjs.org/safer-buffer/-/safer-buffer-2.1.2.tgz. Extracting by manifest.
802 silly tarball no local data for inherits@https://registry.npmjs.org/inherits/-/inherits-2.0.4.tgz. Extracting by manifest.
803 silly tarball no local data for toidentifier@https://registry.npmjs.org/toidentifier/-/toidentifier-1.0.1.tgz. Extracting by manifest.
804 silly tarball no local data for universalify@https://registry.npmjs.org/universalify/-/universalify-2.0.1.tgz. Extracting by manifest.
805 silly tarball no local data for jsonfile@https://registry.npmjs.org/jsonfile/-/jsonfile-6.2.1.tgz. Extracting by manifest.
806 silly tarball no local data for ms@https://registry.npmjs.org/ms/-/ms-2.0.0.tgz. Extracting by manifest.
807 silly tarball no local data for graceful-fs@https://registry.npmjs.org/graceful-fs/-/graceful-fs-4.2.11.tgz. Extracting by manifest.
808 silly tarball no local data for unpipe@https://registry.npmjs.org/unpipe/-/unpipe-1.0.0.tgz. Extracting by manifest.
809 silly tarball no local data for raw-body@https://registry.npmjs.org/raw-body/-/raw-body-2.5.3.tgz. Extracting by manifest.
810 silly tarball no local data for iconv-lite@https://registry.npmjs.org/iconv-lite/-/iconv-lite-0.4.24.tgz. Extracting by manifest.
811 silly tarball no local data for destroy@https://registry.npmjs.org/destroy/-/destroy-1.2.0.tgz. Extracting by manifest.
812 silly tarball no local data for bytes@https://registry.npmjs.org/bytes/-/bytes-3.1.2.tgz. Extracting by manifest.
813 silly tarball no local data for mime-types@https://registry.npmjs.org/mime-types/-/mime-types-2.1.35.tgz. Extracting by manifest.
814 silly tarball no local data for utils-merge@https://registry.npmjs.org/utils-merge/-/utils-merge-1.0.1.tgz. Extracting by manifest.
815 silly tarball no local data for negotiator@https://registry.npmjs.org/negotiator/-/negotiator-0.6.3.tgz. Extracting by manifest.
816 silly tarball no local data for type-is@https://registry.npmjs.org/type-is/-/type-is-1.6.18.tgz. Extracting by manifest.
817 silly tarball no local data for statuses@https://registry.npmjs.org/statuses/-/statuses-2.0.2.tgz. Extracting by manifest.
818 silly tarball no local data for setprototypeof@https://registry.npmjs.org/setprototypeof/-/setprototypeof-1.2.0.tgz. Extracting by manifest.
819 silly tarball no local data for serve-static@https://registry.npmjs.org/serve-static/-/serve-static-1.16.3.tgz. Extracting by manifest.
820 silly tarball no local data for send@https://registry.npmjs.org/send/-/send-0.19.2.tgz. Extracting by manifest.
821 silly tarball no local data for range-parser@https://registry.npmjs.org/range-parser/-/range-parser-1.2.1.tgz. Extracting by manifest.
822 silly tarball no local data for qs@https://registry.npmjs.org/qs/-/qs-6.14.2.tgz. Extracting by manifest.
823 silly tarball no local data for safe-buffer@https://registry.npmjs.org/safe-buffer/-/safe-buffer-5.2.1.tgz. Extracting by manifest.
824 silly tarball no local data for path-to-regexp@https://registry.npmjs.org/path-to-regexp/-/path-to-regexp-0.1.13.tgz. Extracting by manifest.
825 silly tarball no local data for proxy-addr@https://registry.npmjs.org/proxy-addr/-/proxy-addr-2.0.7.tgz. Extracting by manifest.
826 silly tarball no local data for parseurl@https://registry.npmjs.org/parseurl/-/parseurl-1.3.3.tgz. Extracting by manifest.
827 silly tarball no local data for on-finished@https://registry.npmjs.org/on-finished/-/on-finished-2.4.1.tgz. Extracting by manifest.
828 silly tarball no local data for methods@https://registry.npmjs.org/methods/-/methods-1.1.2.tgz. Extracting by manifest.
829 silly tarball no local data for http-errors@https://registry.npmjs.org/http-errors/-/http-errors-2.0.1.tgz. Extracting by manifest.
830 silly tarball no local data for merge-descriptors@https://registry.npmjs.org/merge-descriptors/-/merge-descriptors-1.0.3.tgz. Extracting by manifest.
831 silly tarball no local data for fresh@https://registry.npmjs.org/fresh/-/fresh-0.5.2.tgz. Extracting by manifest.
832 silly tarball no local data for finalhandler@https://registry.npmjs.org/finalhandler/-/finalhandler-1.3.2.tgz. Extracting by manifest.
833 silly tarball no local data for escape-html@https://registry.npmjs.org/escape-html/-/escape-html-1.0.3.tgz. Extracting by manifest.
834 silly tarball no local data for etag@https://registry.npmjs.org/etag/-/etag-1.8.1.tgz. Extracting by manifest.
835 silly tarball no local data for encodeurl@https://registry.npmjs.org/encodeurl/-/encodeurl-2.0.0.tgz. Extracting by manifest.
836 silly tarball no local data for depd@https://registry.npmjs.org/depd/-/depd-2.0.0.tgz. Extracting by manifest.
837 silly tarball no local data for cookie-signature@https://registry.npmjs.org/cookie-signature/-/cookie-signature-1.0.7.tgz. Extracting by manifest.
838 silly tarball no local data for debug@https://registry.npmjs.org/debug/-/debug-2.6.9.tgz. Extracting by manifest.
839 silly tarball no local data for content-disposition@https://registry.npmjs.org/content-disposition/-/content-disposition-0.5.4.tgz. Extracting by manifest.
840 silly tarball no local data for content-type@https://registry.npmjs.org/content-type/-/content-type-1.0.5.tgz. Extracting by manifest.
841 silly tarball no local data for body-parser@https://registry.npmjs.org/body-parser/-/body-parser-1.20.5.tgz. Extracting by manifest.
842 silly tarball no local data for array-flatten@https://registry.npmjs.org/array-flatten/-/array-flatten-1.1.1.tgz. Extracting by manifest.
843 silly tarball no local data for vary@https://registry.npmjs.org/vary/-/vary-1.1.2.tgz. Extracting by manifest.
844 silly tarball no local data for accepts@https://registry.npmjs.org/accepts/-/accepts-1.3.8.tgz. Extracting by manifest.
845 silly tarball no local data for object-assign@https://registry.npmjs.org/object-assign/-/object-assign-4.1.1.tgz. Extracting by manifest.
846 silly tarball no local data for pdf-parse@https://registry.npmjs.org/pdf-parse/-/pdf-parse-1.1.4.tgz. Extracting by manifest.
847 silly tarball no local data for multer@https://registry.npmjs.org/multer/-/multer-1.4.5-lts.2.tgz. Extracting by manifest.
848 silly tarball no local data for fs-extra@https://registry.npmjs.org/fs-extra/-/fs-extra-11.3.4.tgz. Extracting by manifest.
849 silly tarball no local data for mammoth@https://registry.npmjs.org/mammoth/-/mammoth-1.12.0.tgz. Extracting by manifest.
850 silly tarball no local data for express@https://registry.npmjs.org/express/-/express-4.22.1.tgz. Extracting by manifest.
851 silly tarball no local data for cookie@https://registry.npmjs.org/cookie/-/cookie-0.7.2.tgz. Extracting by manifest.
852 silly tarball no local data for immediate@https://registry.npmjs.org/immediate/-/immediate-3.0.6.tgz. Extracting by manifest.
853 silly tarball no local data for cors@https://registry.npmjs.org/cors/-/cors-2.8.6.tgz. Extracting by manifest.
854 silly tarball no local data for safe-buffer@https://registry.npmjs.org/safe-buffer/-/safe-buffer-5.1.2.tgz. Extracting by manifest.
855 silly tarball no local data for qs@https://registry.npmjs.org/qs/-/qs-6.15.1.tgz. Extracting by manifest.
856 silly tarball no local data for ms@https://registry.npmjs.org/ms/-/ms-2.1.3.tgz. Extracting by manifest.
857 silly tarball no local data for safe-buffer@https://registry.npmjs.org/safe-buffer/-/safe-buffer-5.1.2.tgz. Extracting by manifest.
858 http fetch POST 200 https://registry.npmjs.org/-/npm/v1/security/advisories/bulk 228ms
859 silly audit report {}
860 http fetch GET 200 https://registry.npmjs.org/gopd/-/gopd-1.2.0.tgz 307ms (cache miss)
861 http fetch GET 200 https://registry.npmjs.org/media-typer/-/media-typer-0.3.0.tgz 322ms (cache miss)
862 http fetch GET 200 https://registry.npmjs.org/hasown/-/hasown-2.0.3.tgz 327ms (cache miss)
863 http fetch GET 200 https://registry.npmjs.org/has-symbols/-/has-symbols-1.1.0.tgz 365ms (cache miss)
864 http fetch GET 200 https://registry.npmjs.org/side-channel-list/-/side-channel-list-1.0.1.tgz 456ms (cache miss)
865 http fetch GET 200 https://registry.npmjs.org/es-errors/-/es-errors-1.3.0.tgz 603ms (cache miss)
866 http fetch GET 200 https://registry.npmjs.org/get-proto/-/get-proto-1.0.1.tgz 604ms (cache miss)
867 http fetch GET 200 https://registry.npmjs.org/process-nextick-args/-/process-nextick-args-2.0.1.tgz 778ms (cache miss)
868 http fetch GET 200 https://registry.npmjs.org/get-intrinsic/-/get-intrinsic-1.3.0.tgz 809ms (cache miss)
869 http fetch GET 200 https://registry.npmjs.org/string_decoder/-/string_decoder-1.1.1.tgz 807ms (cache miss)
870 http fetch GET 200 https://registry.npmjs.org/call-bind-apply-helpers/-/call-bind-apply-helpers-1.0.2.tgz 813ms (cache miss)
871 http fetch GET 200 https://registry.npmjs.org/mime/-/mime-1.6.0.tgz 904ms (cache miss)
872 http fetch GET 200 https://registry.npmjs.org/dunder-proto/-/dunder-proto-1.0.1.tgz 954ms (cache miss)
873 http fetch GET 200 https://registry.npmjs.org/math-intrinsics/-/math-intrinsics-1.1.0.tgz 955ms (cache miss)
874 http fetch GET 200 https://registry.npmjs.org/function-bind/-/function-bind-1.1.2.tgz 973ms (cache miss)
875 http fetch GET 200 https://registry.npmjs.org/object-inspect/-/object-inspect-1.13.4.tgz 980ms (cache miss)
876 http fetch GET 200 https://registry.npmjs.org/side-channel-map/-/side-channel-map-1.0.1.tgz 989ms (cache miss)
877 http fetch GET 200 https://registry.npmjs.org/side-channel-weakmap/-/side-channel-weakmap-1.0.2.tgz 1063ms (cache miss)
878 http fetch GET 200 https://registry.npmjs.org/isarray/-/isarray-1.0.0.tgz 1117ms (cache miss)
879 http fetch GET 200 https://registry.npmjs.org/buffer-from/-/buffer-from-1.1.2.tgz 1168ms (cache miss)
880 http fetch GET 200 https://registry.npmjs.org/ee-first/-/ee-first-1.1.1.tgz 1183ms (cache miss)
881 http fetch GET 200 https://registry.npmjs.org/forwarded/-/forwarded-0.2.0.tgz 1275ms (cache miss)
882 http fetch GET 200 https://registry.npmjs.org/xtend/-/xtend-4.0.2.tgz 1304ms (cache miss)
883 http fetch GET 200 https://registry.npmjs.org/core-util-is/-/core-util-is-1.0.3.tgz 1322ms (cache miss)
884 http fetch GET 200 https://registry.npmjs.org/typedarray/-/typedarray-0.0.6.tgz 1321ms (cache miss)
885 http fetch GET 200 https://registry.npmjs.org/es-object-atoms/-/es-object-atoms-1.1.1.tgz 1332ms (cache miss)
886 http fetch GET 200 https://registry.npmjs.org/call-bound/-/call-bound-1.0.4.tgz 1386ms (cache miss)
887 http fetch GET 200 https://registry.npmjs.org/concat-stream/-/concat-stream-1.6.2.tgz 1420ms (cache miss)
888 http fetch GET 200 https://registry.npmjs.org/streamsearch/-/streamsearch-1.1.0.tgz 1478ms (cache miss)
889 http fetch GET 200 https://registry.npmjs.org/mkdirp/-/mkdirp-0.5.6.tgz 1530ms (cache miss)
890 http fetch GET 200 https://registry.npmjs.org/side-channel/-/side-channel-1.1.0.tgz 1633ms (cache miss)
891 http fetch GET 200 https://registry.npmjs.org/append-field/-/append-field-1.0.0.tgz 1652ms (cache miss)
892 http fetch GET 200 https://registry.npmjs.org/mime-db/-/mime-db-1.52.0.tgz 1680ms (cache miss)
893 http fetch GET 200 https://registry.npmjs.org/setimmediate/-/setimmediate-1.0.5.tgz 1684ms (cache miss)
894 http fetch GET 200 https://registry.npmjs.org/util-deprecate/-/util-deprecate-1.0.2.tgz 1723ms (cache miss)
895 http fetch GET 200 https://registry.npmjs.org/option/-/option-0.2.4.tgz 1760ms (cache miss)
896 http fetch GET 200 https://registry.npmjs.org/busboy/-/busboy-1.6.0.tgz 1799ms (cache miss)
897 http fetch GET 200 https://registry.npmjs.org/duck/-/duck-0.1.12.tgz 1866ms (cache miss)
898 http fetch GET 200 https://registry.npmjs.org/readable-stream/-/readable-stream-2.3.8.tgz 1909ms (cache miss)
899 http fetch GET 200 https://registry.npmjs.org/node-ensure/-/node-ensure-0.0.0.tgz 1932ms (cache miss)
900 http fetch GET 200 https://registry.npmjs.org/lie/-/lie-3.3.0.tgz 2010ms (cache miss)
901 http fetch GET 200 https://registry.npmjs.org/ipaddr.js/-/ipaddr.js-1.9.1.tgz 2020ms (cache miss)
902 http fetch GET 200 https://registry.npmjs.org/path-is-absolute/-/path-is-absolute-1.0.1.tgz 2012ms (cache miss)
903 http fetch GET 200 https://registry.npmjs.org/es-define-property/-/es-define-property-1.0.1.tgz 2031ms (cache miss)
904 http fetch GET 200 https://registry.npmjs.org/sprintf-js/-/sprintf-js-1.0.3.tgz 2161ms (cache miss)
905 http fetch GET 200 https://registry.npmjs.org/base64-js/-/base64-js-1.5.1.tgz 2186ms (cache miss)
906 http fetch GET 200 https://registry.npmjs.org/dingbat-to-unicode/-/dingbat-to-unicode-1.0.1.tgz 2258ms (cache miss)
907 http fetch GET 200 https://registry.npmjs.org/argparse/-/argparse-1.0.10.tgz 2267ms (cache miss)
908 http fetch GET 200 https://registry.npmjs.org/universalify/-/universalify-2.0.1.tgz 2331ms (cache miss)
909 http fetch GET 200 https://registry.npmjs.org/lop/-/lop-0.4.2.tgz 2354ms (cache miss)
910 http fetch GET 200 https://registry.npmjs.org/xmlbuilder/-/xmlbuilder-10.1.1.tgz 2364ms (cache miss)
911 http fetch GET 200 https://registry.npmjs.org/ms/-/ms-2.0.0.tgz 2418ms (cache miss)
912 http fetch GET 200 https://registry.npmjs.org/safer-buffer/-/safer-buffer-2.1.2.tgz 2518ms (cache miss)
913 http fetch GET 200 https://registry.npmjs.org/graceful-fs/-/graceful-fs-4.2.11.tgz 2627ms (cache miss)
914 http fetch GET 200 https://registry.npmjs.org/raw-body/-/raw-body-2.5.3.tgz 2657ms (cache miss)
915 http fetch GET 200 https://registry.npmjs.org/inherits/-/inherits-2.0.4.tgz 2659ms (cache miss)
916 http fetch GET 200 https://registry.npmjs.org/toidentifier/-/toidentifier-1.0.1.tgz 2718ms (cache miss)
917 http fetch GET 200 https://registry.npmjs.org/minimist/-/minimist-1.2.8.tgz 2737ms (cache miss)
918 http fetch GET 200 https://registry.npmjs.org/bytes/-/bytes-3.1.2.tgz 2728ms (cache miss)
919 http fetch GET 200 https://registry.npmjs.org/jszip/-/jszip-3.10.1.tgz 2834ms (cache miss)
920 http fetch GET 200 https://registry.npmjs.org/utils-merge/-/utils-merge-1.0.1.tgz 2829ms (cache miss)
921 http fetch GET 200 https://registry.npmjs.org/unpipe/-/unpipe-1.0.0.tgz 2833ms (cache miss)
922 http fetch GET 200 https://registry.npmjs.org/negotiator/-/negotiator-0.6.3.tgz 2873ms (cache miss)
923 http fetch GET 200 https://registry.npmjs.org/setprototypeof/-/setprototypeof-1.2.0.tgz 2908ms (cache miss)
924 http fetch GET 200 https://registry.npmjs.org/mime-types/-/mime-types-2.1.35.tgz 2996ms (cache miss)
925 http fetch GET 200 https://registry.npmjs.org/range-parser/-/range-parser-1.2.1.tgz 3041ms (cache miss)
926 http fetch GET 200 https://registry.npmjs.org/destroy/-/destroy-1.2.0.tgz 3073ms (cache miss)
927 http fetch GET 200 https://registry.npmjs.org/serve-static/-/serve-static-1.16.3.tgz 3157ms (cache miss)
928 http fetch GET 200 https://registry.npmjs.org/path-to-regexp/-/path-to-regexp-0.1.13.tgz 3192ms (cache miss)
929 http fetch GET 200 https://registry.npmjs.org/statuses/-/statuses-2.0.2.tgz 3340ms (cache miss)
930 http fetch GET 200 https://registry.npmjs.org/jsonfile/-/jsonfile-6.2.1.tgz 3345ms (cache miss)
931 http fetch GET 200 https://registry.npmjs.org/send/-/send-0.19.2.tgz 3356ms (cache miss)
932 http fetch GET 200 https://registry.npmjs.org/parseurl/-/parseurl-1.3.3.tgz 3385ms (cache miss)
933 http fetch GET 200 https://registry.npmjs.org/on-finished/-/on-finished-2.4.1.tgz 3498ms (cache miss)
934 http fetch GET 200 https://registry.npmjs.org/proxy-addr/-/proxy-addr-2.0.7.tgz 3516ms (cache miss)
935 http fetch GET 200 https://registry.npmjs.org/methods/-/methods-1.1.2.tgz 3546ms (cache miss)
936 http fetch GET 200 https://registry.npmjs.org/merge-descriptors/-/merge-descriptors-1.0.3.tgz 3550ms (cache miss)
937 http fetch GET 200 https://registry.npmjs.org/qs/-/qs-6.14.2.tgz 3572ms (cache miss)
938 http fetch GET 200 https://registry.npmjs.org/@xmldom/xmldom/-/xmldom-0.8.13.tgz 3747ms (cache miss)
939 http fetch GET 200 https://registry.npmjs.org/fresh/-/fresh-0.5.2.tgz 3735ms (cache miss)
940 http fetch GET 200 https://registry.npmjs.org/encodeurl/-/encodeurl-2.0.0.tgz 3744ms (cache miss)
941 http fetch GET 200 https://registry.npmjs.org/cookie-signature/-/cookie-signature-1.0.7.tgz 3760ms (cache miss)
942 http fetch GET 200 https://registry.npmjs.org/finalhandler/-/finalhandler-1.3.2.tgz 3886ms (cache miss)
943 http fetch GET 200 https://registry.npmjs.org/pako/-/pako-1.0.11.tgz 3945ms (cache miss)
944 http fetch GET 200 https://registry.npmjs.org/content-type/-/content-type-1.0.5.tgz 3963ms (cache miss)
945 http fetch GET 200 https://registry.npmjs.org/underscore/-/underscore-1.13.8.tgz 4041ms (cache miss)
946 http fetch GET 200 https://registry.npmjs.org/array-flatten/-/array-flatten-1.1.1.tgz 4044ms (cache miss)
947 http fetch GET 200 https://registry.npmjs.org/depd/-/depd-2.0.0.tgz 4094ms (cache miss)
948 http fetch GET 200 https://registry.npmjs.org/escape-html/-/escape-html-1.0.3.tgz 4155ms (cache miss)
949 http fetch GET 200 https://registry.npmjs.org/http-errors/-/http-errors-2.0.1.tgz 4163ms (cache miss)
950 http fetch GET 200 https://registry.npmjs.org/accepts/-/accepts-1.3.8.tgz 4210ms (cache miss)
951 http fetch GET 200 https://registry.npmjs.org/debug/-/debug-2.6.9.tgz 4280ms (cache miss)
952 http fetch GET 200 https://registry.npmjs.org/etag/-/etag-1.8.1.tgz 4357ms (cache miss)
953 http fetch GET 200 https://registry.npmjs.org/type-is/-/type-is-1.6.18.tgz 4424ms (cache miss)
954 http fetch GET 200 https://registry.npmjs.org/body-parser/-/body-parser-1.20.5.tgz 4451ms (cache miss)
955 http fetch GET 200 https://registry.npmjs.org/multer/-/multer-1.4.5-lts.2.tgz 4482ms (cache miss)
956 warn deprecated multer@1.4.5-lts.2: Multer 1.x is impacted by a number of vulnerabilities, which have been patched in 2.x. You should upgrade to the latest 2.x version.
957 http fetch GET 200 https://registry.npmjs.org/object-assign/-/object-assign-4.1.1.tgz 4521ms (cache miss)
958 http fetch GET 200 https://registry.npmjs.org/content-disposition/-/content-disposition-0.5.4.tgz 4546ms (cache miss)
959 http fetch GET 200 https://registry.npmjs.org/cookie/-/cookie-0.7.2.tgz 4542ms (cache miss)
960 http fetch GET 200 https://registry.npmjs.org/safe-buffer/-/safe-buffer-5.2.1.tgz 4554ms (cache miss)
961 http fetch GET 200 https://registry.npmjs.org/ms/-/ms-2.1.3.tgz 4700ms (cache miss)
962 http fetch GET 200 https://registry.npmjs.org/cors/-/cors-2.8.6.tgz 4729ms (cache miss)
963 http fetch GET 200 https://registry.npmjs.org/vary/-/vary-1.1.2.tgz 4788ms (cache miss)
964 http fetch GET 200 https://registry.npmjs.org/fs-extra/-/fs-extra-11.3.4.tgz 4850ms (cache miss)
965 http fetch GET 200 https://registry.npmjs.org/safe-buffer/-/safe-buffer-5.1.2.tgz 4983ms (cache miss)
966 http fetch GET 200 https://registry.npmjs.org/immediate/-/immediate-3.0.6.tgz 5145ms (cache miss)
967 http fetch GET 200 https://registry.npmjs.org/express/-/express-4.22.1.tgz 5330ms (cache miss)
968 http fetch GET 200 https://registry.npmjs.org/safe-buffer/-/safe-buffer-5.1.2.tgz 5554ms (cache miss)
969 http fetch GET 200 https://registry.npmjs.org/qs/-/qs-6.15.1.tgz 5983ms (cache miss)
970 http fetch GET 200 https://registry.npmjs.org/iconv-lite/-/iconv-lite-0.4.24.tgz 6790ms (cache miss)
971 http fetch GET 200 https://registry.npmjs.org/bluebird/-/bluebird-3.4.7.tgz 6805ms (cache miss)
972 http fetch GET 200 https://registry.npmjs.org/pdf-parse/-/pdf-parse-1.1.4.tgz 32639ms (cache miss)
973 http fetch GET 200 https://registry.npmjs.org/mammoth/-/mammoth-1.12.0.tgz 45517ms (cache miss)
974 silly ADD node_modules/media-typer
975 silly ADD node_modules/dunder-proto
976 silly ADD node_modules/math-intrinsics
977 silly ADD node_modules/hasown
978 silly ADD node_modules/has-symbols
979 silly ADD node_modules/gopd
980 silly ADD node_modules/get-proto
981 silly ADD node_modules/es-object-atoms
982 silly ADD node_modules/es-define-property
983 silly ADD node_modules/function-bind
984 silly ADD node_modules/call-bind-apply-helpers
985 silly ADD node_modules/get-intrinsic
986 silly ADD node_modules/call-bound
987 silly ADD node_modules/side-channel-weakmap
988 silly ADD node_modules/side-channel-map
989 silly ADD node_modules/side-channel-list
990 silly ADD node_modules/object-inspect
991 silly ADD node_modules/es-errors
992 silly ADD node_modules/mime
993 silly ADD node_modules/util-deprecate
994 silly ADD node_modules/string_decoder
995 silly ADD node_modules/string_decoder/node_modules/safe-buffer
996 silly ADD node_modules/process-nextick-args
997 silly ADD node_modules/isarray
998 silly ADD node_modules/core-util-is
999 silly ADD node_modules/side-channel
1000 silly ADD node_modules/ipaddr.js
1001 silly ADD node_modules/forwarded
1002 silly ADD node_modules/node-ensure
1003 silly ADD node_modules/ee-first
1004 silly ADD node_modules/minimist
1005 silly ADD node_modules/typedarray
1006 silly ADD node_modules/buffer-from
1007 silly ADD node_modules/streamsearch
1008 silly ADD node_modules/xtend
1009 silly ADD node_modules/mkdirp
1010 silly ADD node_modules/concat-stream
1011 silly ADD node_modules/busboy
1012 silly ADD node_modules/append-field
1013 silly ADD node_modules/mime-db
1014 silly ADD node_modules/option
1015 silly ADD node_modules/duck
1016 silly ADD node_modules/immediate
1017 silly ADD node_modules/setimmediate
1018 silly ADD node_modules/readable-stream
1019 silly ADD node_modules/readable-stream/node_modules/safe-buffer
1020 silly ADD node_modules/pako
1021 silly ADD node_modules/lie
1022 silly ADD node_modules/sprintf-js
1023 silly ADD node_modules/xmlbuilder
1024 silly ADD node_modules/underscore
1025 silly ADD node_modules/path-is-absolute
1026 silly ADD node_modules/lop
1027 silly ADD node_modules/jszip
1028 silly ADD node_modules/dingbat-to-unicode
1029 silly ADD node_modules/bluebird
1030 silly ADD node_modules/base64-js
1031 silly ADD node_modules/argparse
1032 silly ADD node_modules/@xmldom/xmldom
1033 silly ADD node_modules/safer-buffer
1034 silly ADD node_modules/toidentifier
1035 silly ADD node_modules/inherits
1036 silly ADD node_modules/universalify
1037 silly ADD node_modules/jsonfile
1038 silly ADD node_modules/graceful-fs
1039 silly ADD node_modules/ms
1040 silly ADD node_modules/unpipe
1041 silly ADD node_modules/raw-body
1042 silly ADD node_modules/iconv-lite
1043 silly ADD node_modules/destroy
1044 silly ADD node_modules/bytes
1045 silly ADD node_modules/negotiator
1046 silly ADD node_modules/mime-types
1047 silly ADD node_modules/utils-merge
1048 silly ADD node_modules/type-is
1049 silly ADD node_modules/statuses
1050 silly ADD node_modules/setprototypeof
1051 silly ADD node_modules/serve-static
1052 silly ADD node_modules/send
1053 silly ADD node_modules/send/node_modules/ms
1054 silly ADD node_modules/safe-buffer
1055 silly ADD node_modules/range-parser
1056 silly ADD node_modules/qs
1057 silly ADD node_modules/proxy-addr
1058 silly ADD node_modules/path-to-regexp
1059 silly ADD node_modules/parseurl
1060 silly ADD node_modules/on-finished
1061 silly ADD node_modules/methods
1062 silly ADD node_modules/merge-descriptors
1063 silly ADD node_modules/http-errors
1064 silly ADD node_modules/fresh
1065 silly ADD node_modules/finalhandler
1066 silly ADD node_modules/etag
1067 silly ADD node_modules/escape-html
1068 silly ADD node_modules/encodeurl
1069 silly ADD node_modules/depd
1070 silly ADD node_modules/debug
1071 silly ADD node_modules/cookie-signature
1072 silly ADD node_modules/cookie
1073 silly ADD node_modules/content-type
1074 silly ADD node_modules/content-disposition
1075 silly ADD node_modules/body-parser
1076 silly ADD node_modules/body-parser/node_modules/qs
1077 silly ADD node_modules/array-flatten
1078 silly ADD node_modules/accepts
1079 silly ADD node_modules/vary
1080 silly ADD node_modules/object-assign
1081 silly ADD node_modules/pdf-parse
1082 silly ADD node_modules/multer
1083 silly ADD node_modules/mammoth
1084 silly ADD node_modules/fs-extra
1085 silly ADD node_modules/express
1086 silly ADD node_modules/cors
1087 verbose cwd /Users/lusijia/compliance-analysis
1088 verbose os Darwin 24.4.0
1089 verbose node v24.14.1
1090 verbose npm  v11.11.0
1091 notice
1091 notice New [33mminor[39m version of npm available! [33m11.11.0[39m -> [34m11.13.0[39m
1091 notice Changelog: [34mhttps://github.com/npm/cli/releases/tag/v11.13.0[39m
1091 notice To update run: [4mnpm install -g npm@11.13.0[24m
1091 notice  { force: true, Symbol(proc-log.meta): true }
1092 verbose exit 0
1093 info ok
